<?xml version="1.0" encoding="UTF-8"?>
<robot generator="Robot 3.0.4 (Python 3.6.4 on darwin)" generated="20190405 11:07:19.487">
<suite id="s1" name="Launch" source="/Users/ronharley/AutomatedTests/BleacherReport/Central/Launch.robot">
<test id="s1-t1" name="Non League Category Landing Page Test">
<kw name="Begin Web Test" library="Common" type="setup">
<kw name="Open Browser" library="SeleniumLibrary">
<doc>Opens a new browser instance to the given ``url``.</doc>
<arguments>
<arg>about:blank</arg>
<arg>${BROWSER}</arg>
</arguments>
<msg timestamp="20190405 11:07:19.630" level="INFO">Opening browser 'chrome' to base url 'about:blank'.</msg>
<status status="PASS" starttime="20190405 11:07:19.630" endtime="20190405 11:07:21.523"></status>
</kw>
<status status="PASS" starttime="20190405 11:07:19.630" endtime="20190405 11:07:21.523"></status>
</kw>
<kw name="Log To Console" library="BuiltIn">
<doc>Logs the given message to the console.</doc>
<arguments>
<arg>Non League Category Landing</arg>
</arguments>
<status status="PASS" starttime="20190405 11:07:21.524" endtime="20190405 11:07:21.524"></status>
</kw>
<kw name="Navigate_To_Page" library="BleacherSmoke">
<tags>
<tag>Go to BleacherReport url</tag>
</tags>
<kw name="Log To Console" library="BuiltIn">
<doc>Logs the given message to the console.</doc>
<arguments>
<arg>Navigating to BleacherReport.com</arg>
</arguments>
<status status="PASS" starttime="20190405 11:07:21.525" endtime="20190405 11:07:21.525"></status>
</kw>
<kw name="Go To" library="SeleniumLibrary">
<doc>Navigates the active browser instance to the provided ``url``.</doc>
<arguments>
<arg>${br_url}</arg>
</arguments>
<msg timestamp="20190405 11:07:21.526" level="INFO">Opening url 'https://bleacherreport.com/'</msg>
<status status="PASS" starttime="20190405 11:07:21.525" endtime="20190405 11:07:27.004"></status>
</kw>
<kw name="Maximize Browser Window" library="SeleniumLibrary">
<doc>Maximizes current browser window.</doc>
<status status="PASS" starttime="20190405 11:07:27.004" endtime="20190405 11:07:27.296"></status>
</kw>
<status status="PASS" starttime="20190405 11:07:21.525" endtime="20190405 11:07:27.296"></status>
</kw>
<kw name="Non_League_Category_Landing_Pages" library="BleacherSmoke">
<tags>
<tag>Non League Category Landing Pages</tag>
</tags>
<doc>Clicks on each of the Non League Categories in the menu and confirms that the landing page is displayed.</doc>
<kw name="Set Window Size" library="SeleniumLibrary">
<doc>Sets current windows size to given ``width`` and ``height``.</doc>
<arguments>
<arg>2000</arg>
<arg>800</arg>
</arguments>
<status status="PASS" starttime="20190405 11:07:27.297" endtime="20190405 11:07:27.407"></status>
</kw>
<kw name="Run Keyword And Return Status" library="BuiltIn">
<doc>Runs the given keyword with given arguments and returns the status as a Boolean value.</doc>
<arguments>
<arg>Wait Until Element is Visible</arg>
<arg>${brlive_header}</arg>
<arg>${default_timeout}</arg>
</arguments>
<assign>
<var>${Browser_Back}</var>
</assign>
<kw name="Wait Until Element Is Visible" library="SeleniumLibrary">
<doc>Waits until element ``locator`` is visible.</doc>
<arguments>
<arg>${brlive_header}</arg>
<arg>${default_timeout}</arg>
</arguments>
<status status="PASS" starttime="20190405 11:07:27.407" endtime="20190405 11:07:27.483"></status>
</kw>
<msg timestamp="20190405 11:07:27.483" level="INFO">${Browser_Back} = True</msg>
<status status="PASS" starttime="20190405 11:07:27.407" endtime="20190405 11:07:27.483"></status>
</kw>
<kw name="Click Element" library="SeleniumLibrary">
<doc>Click element identified by ``locator``.</doc>
<arguments>
<arg>${brlive_header}</arg>
</arguments>
<msg timestamp="20190405 11:07:27.484" level="INFO">Clicking element '//a[contains(.,'B/R Live')]'.</msg>
<status status="PASS" starttime="20190405 11:07:27.483" endtime="20190405 11:07:30.287"></status>
</kw>
<kw name="Wait Until Element Is Visible" library="SeleniumLibrary">
<doc>Waits until element ``locator`` is visible.</doc>
<arguments>
<arg>${br_live_page_confirm}</arg>
<arg>10</arg>
</arguments>
<status status="PASS" starttime="20190405 11:07:30.287" endtime="20190405 11:07:30.311"></status>
</kw>
<kw name="Run Keyword If" library="BuiltIn">
<doc>Runs the given keyword with the given arguments, if ``condition`` is true.</doc>
<arguments>
<arg>${Browser_Back}</arg>
<arg>Go Back</arg>
</arguments>
<kw name="Go Back" library="SeleniumLibrary">
<doc>Simulates the user clicking the back button on their browser.</doc>
<status status="PASS" starttime="20190405 11:07:30.311" endtime="20190405 11:07:35.321"></status>
</kw>
<status status="PASS" starttime="20190405 11:07:30.311" endtime="20190405 11:07:35.321"></status>
</kw>
<kw name="Wait Until Element Is Visible" library="SeleniumLibrary">
<doc>Waits until element ``locator`` is visible.</doc>
<arguments>
<arg>${mag_header}</arg>
<arg>8</arg>
</arguments>
<status status="PASS" starttime="20190405 11:07:35.321" endtime="20190405 11:07:35.347"></status>
</kw>
<kw name="Click Element" library="SeleniumLibrary">
<doc>Click element identified by ``locator``.</doc>
<arguments>
<arg>${mag_header}</arg>
</arguments>
<msg timestamp="20190405 11:07:35.348" level="INFO">Clicking element '//a[contains(.,'Mag')]'.</msg>
<status status="PASS" starttime="20190405 11:07:35.347" endtime="20190405 11:07:40.163"></status>
</kw>
<kw name="Wait Until Element Is Visible" library="SeleniumLibrary">
<doc>Waits until element ``locator`` is visible.</doc>
<arguments>
<arg>${mag_page_confirm}</arg>
<arg>${default_timeout}</arg>
</arguments>
<status status="PASS" starttime="20190405 11:07:40.163" endtime="20190405 11:07:40.217"></status>
</kw>
<kw name="Run Keyword If" library="BuiltIn">
<doc>Runs the given keyword with the given arguments, if ``condition`` is true.</doc>
<arguments>
<arg>${Browser_Back}</arg>
<arg>Go Back</arg>
</arguments>
<kw name="Go Back" library="SeleniumLibrary">
<doc>Simulates the user clicking the back button on their browser.</doc>
<status status="PASS" starttime="20190405 11:07:40.218" endtime="20190405 11:07:42.916"></status>
</kw>
<status status="PASS" starttime="20190405 11:07:40.218" endtime="20190405 11:07:42.917"></status>
</kw>
<kw name="Wait Until Element Is Visible" library="SeleniumLibrary">
<doc>Waits until element ``locator`` is visible.</doc>
<arguments>
<arg>${get_app_header}</arg>
<arg>${default_timeout}</arg>
</arguments>
<status status="PASS" starttime="20190405 11:07:42.917" endtime="20190405 11:07:42.957"></status>
</kw>
<kw name="Click Element" library="SeleniumLibrary">
<doc>Click element identified by ``locator``.</doc>
<arguments>
<arg>${get_app_header}</arg>
</arguments>
<msg timestamp="20190405 11:07:42.957" level="INFO">Clicking element '//a[contains(.,'Get the App')]'.</msg>
<status status="PASS" starttime="20190405 11:07:42.957" endtime="20190405 11:07:43.864"></status>
</kw>
<kw name="Wait Until Element Is Visible" library="SeleniumLibrary">
<doc>Waits until element ``locator`` is visible.</doc>
<arguments>
<arg>${get_app_page_confirm}</arg>
<arg>${default_timeout}</arg>
</arguments>
<status status="PASS" starttime="20190405 11:07:43.864" endtime="20190405 11:07:43.887"></status>
</kw>
<kw name="Click Element" library="SeleniumLibrary">
<doc>Click element identified by ``locator``.</doc>
<arguments>
<arg>${tickets_header}</arg>
</arguments>
<msg timestamp="20190405 11:07:43.887" level="INFO">Clicking element '//a[contains(.,'Tickets')]'.</msg>
<status status="PASS" starttime="20190405 11:07:43.887" endtime="20190405 11:07:45.873"></status>
</kw>
<kw name="Wait Until Element Is Visible" library="SeleniumLibrary">
<doc>Waits until element ``locator`` is visible.</doc>
<arguments>
<arg>${tickets_page_confirm}</arg>
<arg>${default_timeout}</arg>
</arguments>
<status status="PASS" starttime="20190405 11:07:45.874" endtime="20190405 11:07:46.178"></status>
</kw>
<status status="PASS" starttime="20190405 11:07:27.296" endtime="20190405 11:07:46.178"></status>
</kw>
<kw name="End Web Test" library="Common" type="teardown">
<kw name="Close Browser" library="SeleniumLibrary">
<doc>Closes the current browser.</doc>
<status status="PASS" starttime="20190405 11:07:46.179" endtime="20190405 11:07:46.426"></status>
</kw>
<status status="PASS" starttime="20190405 11:07:46.179" endtime="20190405 11:07:46.426"></status>
</kw>
<status status="PASS" starttime="20190405 11:07:19.628" endtime="20190405 11:07:46.427" critical="yes"></status>
</test>
<doc>Bleacher Report Smoke Test</doc>
<status status="PASS" starttime="20190405 11:07:19.491" endtime="20190405 11:07:46.428"></status>
</suite>
<statistics>
<total>
<stat pass="1" fail="0">Critical Tests</stat>
<stat pass="1" fail="0">All Tests</stat>
</total>
<tag>
</tag>
<suite>
<stat pass="1" fail="0" id="s1" name="Launch">Launch</stat>
</suite>
</statistics>
<errors>
</errors>
</robot>
