<?xml version="1.0" encoding="UTF-8"?>
<robot generator="Robot 3.0.4 (Python 3.6.4 on darwin)" generated="20190411 11:41:38.746">
<suite id="s1" name="Launch" source="/Users/ronharley/AutomatedTests/BleacherReport/Central/Launch.robot">
<test id="s1-t1" name="Navigate to Page">
<kw name="Begin Web Test" library="Common" type="setup">
<kw name="Open Browser" library="SeleniumLibrary">
<doc>Opens a new browser instance to the given ``url``.</doc>
<arguments>
<arg>about:blank</arg>
<arg>${BROWSER}</arg>
</arguments>
<msg timestamp="20190411 11:41:39.094" level="INFO">Opening browser 'chrome' to base url 'about:blank'.</msg>
<status status="PASS" starttime="20190411 11:41:39.094" endtime="20190411 11:41:41.067"></status>
</kw>
<status status="PASS" starttime="20190411 11:41:39.093" endtime="20190411 11:41:41.068"></status>
</kw>
<kw name="Log To Console" library="BuiltIn">
<doc>Logs the given message to the console.</doc>
<arguments>
<arg>Navigating to Bleacher Report</arg>
</arguments>
<status status="PASS" starttime="20190411 11:41:41.068" endtime="20190411 11:41:41.068"></status>
</kw>
<kw name="Navigate_To_Page" library="BleacherSmoke">
<tags>
<tag>Go to BleacherReport url</tag>
</tags>
<kw name="Log To Console" library="BuiltIn">
<doc>Logs the given message to the console.</doc>
<arguments>
<arg>Navigating to BleacherReport.com</arg>
</arguments>
<status status="PASS" starttime="20190411 11:41:41.069" endtime="20190411 11:41:41.069"></status>
</kw>
<kw name="Go To" library="SeleniumLibrary">
<doc>Navigates the active browser instance to the provided ``url``.</doc>
<arguments>
<arg>${br_url}</arg>
</arguments>
<msg timestamp="20190411 11:41:41.070" level="INFO">Opening url 'https://bleacherreport.com/'</msg>
<status status="PASS" starttime="20190411 11:41:41.069" endtime="20190411 11:41:47.159"></status>
</kw>
<kw name="Maximize Browser Window" library="SeleniumLibrary">
<doc>Maximizes current browser window.</doc>
<status status="PASS" starttime="20190411 11:41:47.159" endtime="20190411 11:41:47.635"></status>
</kw>
<status status="PASS" starttime="20190411 11:41:41.069" endtime="20190411 11:41:47.635"></status>
</kw>
<kw name="End Web Test" library="Common" type="teardown">
<kw name="Close Browser" library="SeleniumLibrary">
<doc>Closes the current browser.</doc>
<status status="PASS" starttime="20190411 11:41:47.636" endtime="20190411 11:41:47.798"></status>
</kw>
<status status="PASS" starttime="20190411 11:41:47.635" endtime="20190411 11:41:47.799"></status>
</kw>
<status status="PASS" starttime="20190411 11:41:39.092" endtime="20190411 11:41:47.799" critical="yes"></status>
</test>
<test id="s1-t2" name="New User Signup/Login Test">
<kw name="Begin Web Test" library="Common" type="setup">
<kw name="Open Browser" library="SeleniumLibrary">
<doc>Opens a new browser instance to the given ``url``.</doc>
<arguments>
<arg>about:blank</arg>
<arg>${BROWSER}</arg>
</arguments>
<msg timestamp="20190411 11:41:47.801" level="INFO">Opening browser 'chrome' to base url 'about:blank'.</msg>
<status status="PASS" starttime="20190411 11:41:47.801" endtime="20190411 11:41:49.707"></status>
</kw>
<status status="PASS" starttime="20190411 11:41:47.801" endtime="20190411 11:41:49.708"></status>
</kw>
<kw name="Log To Console" library="BuiltIn">
<doc>Logs the given message to the console.</doc>
<arguments>
<arg>Sign up for Bleacher Report</arg>
</arguments>
<status status="PASS" starttime="20190411 11:41:49.709" endtime="20190411 11:41:49.709"></status>
</kw>
<kw name="Navigate_To_Page" library="BleacherSmoke">
<tags>
<tag>Go to BleacherReport url</tag>
</tags>
<kw name="Log To Console" library="BuiltIn">
<doc>Logs the given message to the console.</doc>
<arguments>
<arg>Navigating to BleacherReport.com</arg>
</arguments>
<status status="PASS" starttime="20190411 11:41:49.710" endtime="20190411 11:41:49.710"></status>
</kw>
<kw name="Go To" library="SeleniumLibrary">
<doc>Navigates the active browser instance to the provided ``url``.</doc>
<arguments>
<arg>${br_url}</arg>
</arguments>
<msg timestamp="20190411 11:41:49.711" level="INFO">Opening url 'https://bleacherreport.com/'</msg>
<status status="PASS" starttime="20190411 11:41:49.710" endtime="20190411 11:41:54.972"></status>
</kw>
<kw name="Maximize Browser Window" library="SeleniumLibrary">
<doc>Maximizes current browser window.</doc>
<status status="PASS" starttime="20190411 11:41:54.972" endtime="20190411 11:41:55.305"></status>
</kw>
<status status="PASS" starttime="20190411 11:41:49.710" endtime="20190411 11:41:55.305"></status>
</kw>
<kw name="Sign_Up/Login" library="BleacherSmoke">
<tags>
<tag>Sign Up</tag>
</tags>
<doc>Creates a user and goes through the sign up workflow, Signs out of the application, and signs back in with the new user</doc>
<arguments>
<arg>Hello</arg>
<arg>World</arg>
<arg>11</arg>
<arg>12</arg>
<arg>1985</arg>
</arguments>
<kw name="Set Variable" library="BuiltIn">
<doc>Returns the given values which can then be assigned to a variables.</doc>
<arguments>
<arg>${FIRST_N}</arg>
</arguments>
<assign>
<var>${first_name}</var>
</assign>
<msg timestamp="20190411 11:41:55.307" level="INFO">${first_name} = Hello</msg>
<status status="PASS" starttime="20190411 11:41:55.306" endtime="20190411 11:41:55.307"></status>
</kw>
<kw name="Set Variable" library="BuiltIn">
<doc>Returns the given values which can then be assigned to a variables.</doc>
<arguments>
<arg>${LAST_N}</arg>
</arguments>
<assign>
<var>${last_name}</var>
</assign>
<msg timestamp="20190411 11:41:55.307" level="INFO">${last_name} = World</msg>
<status status="PASS" starttime="20190411 11:41:55.307" endtime="20190411 11:41:55.307"></status>
</kw>
<kw name="Set Variable" library="BuiltIn">
<doc>Returns the given values which can then be assigned to a variables.</doc>
<arguments>
<arg>${MONTH}</arg>
</arguments>
<assign>
<var>${birth_month}</var>
</assign>
<msg timestamp="20190411 11:41:55.308" level="INFO">${birth_month} = 11</msg>
<status status="PASS" starttime="20190411 11:41:55.308" endtime="20190411 11:41:55.308"></status>
</kw>
<kw name="Set Variable" library="BuiltIn">
<doc>Returns the given values which can then be assigned to a variables.</doc>
<arguments>
<arg>${DAY}</arg>
</arguments>
<assign>
<var>${birth_date}</var>
</assign>
<msg timestamp="20190411 11:41:55.308" level="INFO">${birth_date} = 12</msg>
<status status="PASS" starttime="20190411 11:41:55.308" endtime="20190411 11:41:55.308"></status>
</kw>
<kw name="Set Variable" library="BuiltIn">
<doc>Returns the given values which can then be assigned to a variables.</doc>
<arguments>
<arg>${YEAR}</arg>
</arguments>
<assign>
<var>${birth_year}</var>
</assign>
<msg timestamp="20190411 11:41:55.309" level="INFO">${birth_year} = 1985</msg>
<status status="PASS" starttime="20190411 11:41:55.309" endtime="20190411 11:41:55.309"></status>
</kw>
<kw name="Generate Random String" library="String">
<doc>Generates a string with a desired ``length`` from the given ``chars``.</doc>
<arguments>
<arg>8</arg>
</arguments>
<assign>
<var>${user_random_string}</var>
</assign>
<msg timestamp="20190411 11:41:55.309" level="INFO">${user_random_string} = Gf3yg89p</msg>
<status status="PASS" starttime="20190411 11:41:55.309" endtime="20190411 11:41:55.309"></status>
</kw>
<kw name="Generate Random String" library="String">
<doc>Generates a string with a desired ``length`` from the given ``chars``.</doc>
<arguments>
<arg>8</arg>
</arguments>
<assign>
<var>${email_random_string}</var>
</assign>
<msg timestamp="20190411 11:41:55.310" level="INFO">${email_random_string} = J0fdmHGw</msg>
<status status="PASS" starttime="20190411 11:41:55.309" endtime="20190411 11:41:55.310"></status>
</kw>
<kw name="Generate Random String" library="String">
<doc>Generates a string with a desired ``length`` from the given ``chars``.</doc>
<arguments>
<arg>8</arg>
</arguments>
<assign>
<var>${pw_random_string}</var>
</assign>
<msg timestamp="20190411 11:41:55.310" level="INFO">${pw_random_string} = kPSO9Vm8</msg>
<status status="PASS" starttime="20190411 11:41:55.310" endtime="20190411 11:41:55.310"></status>
</kw>
<kw name="Click Element" library="SeleniumLibrary">
<doc>Click element identified by ``locator``.</doc>
<arguments>
<arg>${sign_up_button_header}</arg>
</arguments>
<msg timestamp="20190411 11:41:55.310" level="INFO">Clicking element '//a[contains(@class,'sign-up')]'.</msg>
<status status="PASS" starttime="20190411 11:41:55.310" endtime="20190411 11:41:56.404"></status>
</kw>
<kw name="Wait Until Element Is Visible" library="SeleniumLibrary">
<doc>Waits until element ``locator`` is visible.</doc>
<arguments>
<arg>${sign_up_with_email_btn}</arg>
<arg>${default_timeout}</arg>
</arguments>
<status status="PASS" starttime="20190411 11:41:56.404" endtime="20190411 11:41:56.425"></status>
</kw>
<kw name="Click Element" library="SeleniumLibrary">
<doc>Click element identified by ``locator``.</doc>
<arguments>
<arg>${sign_up_with_email_btn}</arg>
</arguments>
<msg timestamp="20190411 11:41:56.425" level="INFO">Clicking element '//button[contains(.,'Sign up with Email')]'.</msg>
<status status="PASS" starttime="20190411 11:41:56.425" endtime="20190411 11:41:56.509"></status>
</kw>
<kw name="Wait Until Element Is Visible" library="SeleniumLibrary">
<doc>Waits until element ``locator`` is visible.</doc>
<arguments>
<arg>${email_signup_modal_header}</arg>
<arg>${default_timeout}</arg>
</arguments>
<status status="PASS" starttime="20190411 11:41:56.509" endtime="20190411 11:41:56.538"></status>
</kw>
<kw name="Click Element" library="SeleniumLibrary">
<doc>Click element identified by ``locator``.</doc>
<arguments>
<arg>${first_name_field}</arg>
</arguments>
<msg timestamp="20190411 11:41:56.538" level="INFO">Clicking element '//input[contains(@name,'first_name')]'.</msg>
<status status="PASS" starttime="20190411 11:41:56.538" endtime="20190411 11:41:56.594"></status>
</kw>
<kw name="Input Text" library="SeleniumLibrary">
<doc>Types the given ``text`` into text field identified by ``locator``.</doc>
<arguments>
<arg>${first_name_field}</arg>
<arg>${first_name}</arg>
</arguments>
<msg timestamp="20190411 11:41:56.594" level="INFO">Typing text 'Hello' into text field '//input[contains(@name,'first_name')]'.</msg>
<status status="PASS" starttime="20190411 11:41:56.594" endtime="20190411 11:41:56.691"></status>
</kw>
<kw name="Click Element" library="SeleniumLibrary">
<doc>Click element identified by ``locator``.</doc>
<arguments>
<arg>${last_name_field}</arg>
</arguments>
<msg timestamp="20190411 11:41:56.691" level="INFO">Clicking element '//input[contains(@name,'last_name')]'.</msg>
<status status="PASS" starttime="20190411 11:41:56.691" endtime="20190411 11:41:56.729"></status>
</kw>
<kw name="Input Text" library="SeleniumLibrary">
<doc>Types the given ``text`` into text field identified by ``locator``.</doc>
<arguments>
<arg>${last_name_field}</arg>
<arg>${last_name}</arg>
</arguments>
<msg timestamp="20190411 11:41:56.729" level="INFO">Typing text 'World' into text field '//input[contains(@name,'last_name')]'.</msg>
<status status="PASS" starttime="20190411 11:41:56.729" endtime="20190411 11:41:56.788"></status>
</kw>
<kw name="Click Element" library="SeleniumLibrary">
<doc>Click element identified by ``locator``.</doc>
<arguments>
<arg>${continue_btn}</arg>
</arguments>
<msg timestamp="20190411 11:41:56.789" level="INFO">Clicking element '//button[contains(.,'Continue')]'.</msg>
<status status="PASS" starttime="20190411 11:41:56.789" endtime="20190411 11:41:56.855"></status>
</kw>
<kw name="Wait Until Element Is Visible" library="SeleniumLibrary">
<doc>Waits until element ``locator`` is visible.</doc>
<arguments>
<arg>${username_modal_header}</arg>
<arg>${default_timeout}</arg>
</arguments>
<status status="PASS" starttime="20190411 11:41:56.856" endtime="20190411 11:41:56.877"></status>
</kw>
<kw name="Input Text" library="SeleniumLibrary">
<doc>Types the given ``text`` into text field identified by ``locator``.</doc>
<arguments>
<arg>${user_name_field}</arg>
<arg>${user_random_string}</arg>
</arguments>
<msg timestamp="20190411 11:41:56.878" level="INFO">Typing text 'Gf3yg89p' into text field '//input[contains(@name,'username')]'.</msg>
<status status="PASS" starttime="20190411 11:41:56.878" endtime="20190411 11:41:56.951"></status>
</kw>
<kw name="Wait Until Element Is Visible" library="SeleniumLibrary">
<doc>Waits until element ``locator`` is visible.</doc>
<arguments>
<arg>${continue_btn}</arg>
<arg>${default_timeout}</arg>
</arguments>
<status status="PASS" starttime="20190411 11:41:56.951" endtime="20190411 11:41:56.966"></status>
</kw>
<kw name="Set Selenium Speed" library="SeleniumLibrary">
<doc>Sets the delay that is waited after each Selenium command.</doc>
<arguments>
<arg>0.2</arg>
</arguments>
<status status="PASS" starttime="20190411 11:41:56.967" endtime="20190411 11:41:56.967"></status>
</kw>
<kw name="Click Button" library="SeleniumLibrary">
<doc>Clicks button identified by ``locator``.</doc>
<arguments>
<arg>${continue_btn}</arg>
</arguments>
<msg timestamp="20190411 11:41:56.967" level="INFO">Clicking button '//button[contains(.,'Continue')]'.</msg>
<status status="PASS" starttime="20190411 11:41:56.967" endtime="20190411 11:41:58.141"></status>
</kw>
<kw name="Set Selenium Speed" library="SeleniumLibrary">
<doc>Sets the delay that is waited after each Selenium command.</doc>
<arguments>
<arg>0.0</arg>
</arguments>
<status status="PASS" starttime="20190411 11:41:58.142" endtime="20190411 11:41:58.142"></status>
</kw>
<kw name="Click Button" library="SeleniumLibrary">
<doc>Clicks button identified by ``locator``.</doc>
<arguments>
<arg>${continue_btn}</arg>
</arguments>
<msg timestamp="20190411 11:41:58.142" level="INFO">Clicking button '//button[contains(.,'Continue')]'.</msg>
<status status="PASS" starttime="20190411 11:41:58.142" endtime="20190411 11:41:58.213"></status>
</kw>
<kw name="Wait Until Element Is Visible" library="SeleniumLibrary">
<doc>Waits until element ``locator`` is visible.</doc>
<arguments>
<arg>${signup_email_modal_header}</arg>
<arg>${default_timeout}</arg>
</arguments>
<status status="PASS" starttime="20190411 11:41:58.213" endtime="20190411 11:41:58.232"></status>
</kw>
<kw name="Input Text" library="SeleniumLibrary">
<doc>Types the given ``text`` into text field identified by ``locator``.</doc>
<arguments>
<arg>${email_field}</arg>
<arg>${email_random_string}${gmail_email}</arg>
</arguments>
<msg timestamp="20190411 11:41:58.233" level="INFO">Typing text 'J0fdmHGw@gmail.com' into text field '//input[contains(@name,'email')]'.</msg>
<status status="PASS" starttime="20190411 11:41:58.233" endtime="20190411 11:41:58.329"></status>
</kw>
<kw name="Input Password" library="SeleniumLibrary">
<doc>Types the given password into text field identified by ``locator``.</doc>
<arguments>
<arg>${password_field}</arg>
<arg>${pw_random_string}</arg>
</arguments>
<msg timestamp="20190411 11:41:58.329" level="INFO">Typing password into text field '//input[contains(@name,'password')]'.</msg>
<status status="PASS" starttime="20190411 11:41:58.329" endtime="20190411 11:41:58.405"></status>
</kw>
<kw name="Click Button" library="SeleniumLibrary">
<doc>Clicks button identified by ``locator``.</doc>
<arguments>
<arg>${continue_btn}</arg>
</arguments>
<msg timestamp="20190411 11:41:58.405" level="INFO">Clicking button '//button[contains(.,'Continue')]'.</msg>
<status status="PASS" starttime="20190411 11:41:58.405" endtime="20190411 11:41:58.445"></status>
</kw>
<kw name="Wait Until Element Is Visible" library="SeleniumLibrary">
<doc>Waits until element ``locator`` is visible.</doc>
<arguments>
<arg>${bday_modal_header}</arg>
<arg>${default_timeout}</arg>
</arguments>
<status status="PASS" starttime="20190411 11:41:58.445" endtime="20190411 11:41:58.889"></status>
</kw>
<kw name="Input Text" library="SeleniumLibrary">
<doc>Types the given ``text`` into text field identified by ``locator``.</doc>
<arguments>
<arg>${birthday_month_field}</arg>
<arg>${birth_month}</arg>
</arguments>
<msg timestamp="20190411 11:41:58.890" level="INFO">Typing text '11' into text field '//input[contains(@name,'birthmonth')]'.</msg>
<status status="PASS" starttime="20190411 11:41:58.890" endtime="20190411 11:41:58.954"></status>
</kw>
<kw name="Input Text" library="SeleniumLibrary">
<doc>Types the given ``text`` into text field identified by ``locator``.</doc>
<arguments>
<arg>${birthday_day_field}</arg>
<arg>${birth_date}</arg>
</arguments>
<msg timestamp="20190411 11:41:58.955" level="INFO">Typing text '12' into text field '//input[contains(@name,'birthday')]'.</msg>
<status status="PASS" starttime="20190411 11:41:58.955" endtime="20190411 11:41:59.008"></status>
</kw>
<kw name="Input Text" library="SeleniumLibrary">
<doc>Types the given ``text`` into text field identified by ``locator``.</doc>
<arguments>
<arg>${birthday_year_field}</arg>
<arg>${birth_year}</arg>
</arguments>
<msg timestamp="20190411 11:41:59.008" level="INFO">Typing text '1985' into text field '//input[contains(@name,'birthyear')]'.</msg>
<status status="PASS" starttime="20190411 11:41:59.008" endtime="20190411 11:41:59.067"></status>
</kw>
<kw name="Click Button" library="SeleniumLibrary">
<doc>Clicks button identified by ``locator``.</doc>
<arguments>
<arg>${continue_btn}</arg>
</arguments>
<msg timestamp="20190411 11:41:59.067" level="INFO">Clicking button '//button[contains(.,'Continue')]'.</msg>
<status status="PASS" starttime="20190411 11:41:59.067" endtime="20190411 11:41:59.122"></status>
</kw>
<kw name="Wait Until Element Is Visible" library="SeleniumLibrary">
<doc>Waits until element ``locator`` is visible.</doc>
<arguments>
<arg>${verification_email_sent}</arg>
<arg>${default_timeout}</arg>
</arguments>
<status status="PASS" starttime="20190411 11:41:59.122" endtime="20190411 11:41:59.356"></status>
</kw>
<kw name="Wait Until Element Is Visible" library="SeleniumLibrary">
<doc>Waits until element ``locator`` is visible.</doc>
<arguments>
<arg>${new_user_loggedin}</arg>
<arg>${default_timeout}</arg>
</arguments>
<status status="PASS" starttime="20190411 11:41:59.356" endtime="20190411 11:41:59.376"></status>
</kw>
<kw name="Mouse Over" library="SeleniumLibrary">
<doc>Simulates hovering mouse over the element ``locator``.</doc>
<arguments>
<arg>${new_user_loggedin}</arg>
</arguments>
<msg timestamp="20190411 11:41:59.377" level="INFO">Simulating Mouse Over on element '//li[contains(.,'HelloProfileSettingsLogoutEdition')]'.</msg>
<status status="PASS" starttime="20190411 11:41:59.377" endtime="20190411 11:41:59.397"></status>
</kw>
<kw name="Wait Until Element Is Visible" library="SeleniumLibrary">
<doc>Waits until element ``locator`` is visible.</doc>
<arguments>
<arg>${logout_btn}</arg>
<arg>${default_timeout}</arg>
</arguments>
<status status="PASS" starttime="20190411 11:41:59.397" endtime="20190411 11:41:59.416"></status>
</kw>
<kw name="Click Element" library="SeleniumLibrary">
<doc>Click element identified by ``locator``.</doc>
<arguments>
<arg>${logout_btn}</arg>
</arguments>
<msg timestamp="20190411 11:41:59.417" level="INFO">Clicking element '//a[contains(.,'Logout')]'.</msg>
<status status="PASS" starttime="20190411 11:41:59.416" endtime="20190411 11:42:00.172"></status>
</kw>
<kw name="Wait Until Element Is Not Visible" library="SeleniumLibrary">
<doc>Waits until element ``locator`` is not visible.</doc>
<arguments>
<arg>${new_user_loggedin}</arg>
</arguments>
<status status="PASS" starttime="20190411 11:42:00.172" endtime="20190411 11:42:00.179"></status>
</kw>
<kw name="Wait Until Element Is Visible" library="SeleniumLibrary">
<doc>Waits until element ``locator`` is visible.</doc>
<arguments>
<arg>${login_button_header}</arg>
<arg>${default_timeout}</arg>
</arguments>
<status status="PASS" starttime="20190411 11:42:00.180" endtime="20190411 11:42:00.418"></status>
</kw>
<kw name="Click Element" library="SeleniumLibrary">
<doc>Click element identified by ``locator``.</doc>
<arguments>
<arg>${login_button_header}</arg>
</arguments>
<msg timestamp="20190411 11:42:00.418" level="INFO">Clicking element '//a[contains(@class,'login')]'.</msg>
<status status="PASS" starttime="20190411 11:42:00.418" endtime="20190411 11:42:01.088"></status>
</kw>
<kw name="Wait Until Element Is Visible" library="SeleniumLibrary">
<doc>Waits until element ``locator`` is visible.</doc>
<arguments>
<arg>${signin_with_email_btn}</arg>
<arg>${default_timeout}</arg>
</arguments>
<status status="PASS" starttime="20190411 11:42:01.088" endtime="20190411 11:42:01.109"></status>
</kw>
<kw name="Click Element" library="SeleniumLibrary">
<doc>Click element identified by ``locator``.</doc>
<arguments>
<arg>${signin_with_email_btn}</arg>
</arguments>
<msg timestamp="20190411 11:42:01.109" level="INFO">Clicking element '//button[contains(.,'Sign in with Email')]'.</msg>
<status status="PASS" starttime="20190411 11:42:01.109" endtime="20190411 11:42:01.185"></status>
</kw>
<kw name="Input Text" library="SeleniumLibrary">
<doc>Types the given ``text`` into text field identified by ``locator``.</doc>
<arguments>
<arg>${email_field}</arg>
<arg>${email_random_string}${gmail_email}</arg>
</arguments>
<msg timestamp="20190411 11:42:01.185" level="INFO">Typing text 'J0fdmHGw@gmail.com' into text field '//input[contains(@name,'email')]'.</msg>
<status status="PASS" starttime="20190411 11:42:01.185" endtime="20190411 11:42:01.294"></status>
</kw>
<kw name="Input Password" library="SeleniumLibrary">
<doc>Types the given password into text field identified by ``locator``.</doc>
<arguments>
<arg>${password_field}</arg>
<arg>${pw_random_string}</arg>
</arguments>
<msg timestamp="20190411 11:42:01.294" level="INFO">Typing password into text field '//input[contains(@name,'password')]'.</msg>
<status status="PASS" starttime="20190411 11:42:01.294" endtime="20190411 11:42:01.369"></status>
</kw>
<kw name="Click Button" library="SeleniumLibrary">
<doc>Clicks button identified by ``locator``.</doc>
<arguments>
<arg>${signin_btn}</arg>
</arguments>
<msg timestamp="20190411 11:42:01.370" level="INFO">Clicking button '//button[contains(.,'Sign In')]'.</msg>
<status status="PASS" starttime="20190411 11:42:01.370" endtime="20190411 11:42:01.429"></status>
</kw>
<kw name="Wait Until Element Is Visible" library="SeleniumLibrary">
<doc>Waits until element ``locator`` is visible.</doc>
<arguments>
<arg>${new_user_loggedin}</arg>
<arg>${default_timeout}</arg>
</arguments>
<status status="PASS" starttime="20190411 11:42:01.429" endtime="20190411 11:42:05.737"></status>
</kw>
<status status="PASS" starttime="20190411 11:41:55.306" endtime="20190411 11:42:05.737"></status>
</kw>
<kw name="End Web Test" library="Common" type="teardown">
<kw name="Close Browser" library="SeleniumLibrary">
<doc>Closes the current browser.</doc>
<status status="PASS" starttime="20190411 11:42:05.738" endtime="20190411 11:42:05.906"></status>
</kw>
<status status="PASS" starttime="20190411 11:42:05.738" endtime="20190411 11:42:05.906"></status>
</kw>
<status status="PASS" starttime="20190411 11:41:47.800" endtime="20190411 11:42:05.906" critical="yes"></status>
</test>
<test id="s1-t3" name="Existing User Login Test">
<kw name="Begin Web Test" library="Common" type="setup">
<kw name="Open Browser" library="SeleniumLibrary">
<doc>Opens a new browser instance to the given ``url``.</doc>
<arguments>
<arg>about:blank</arg>
<arg>${BROWSER}</arg>
</arguments>
<msg timestamp="20190411 11:42:05.908" level="INFO">Opening browser 'chrome' to base url 'about:blank'.</msg>
<status status="PASS" starttime="20190411 11:42:05.908" endtime="20190411 11:42:07.820"></status>
</kw>
<status status="PASS" starttime="20190411 11:42:05.908" endtime="20190411 11:42:07.820"></status>
</kw>
<kw name="Log To Console" library="BuiltIn">
<doc>Logs the given message to the console.</doc>
<arguments>
<arg>Log into Bleacher Report</arg>
</arguments>
<status status="PASS" starttime="20190411 11:42:07.821" endtime="20190411 11:42:07.821"></status>
</kw>
<kw name="Navigate_To_Page" library="BleacherSmoke">
<tags>
<tag>Go to BleacherReport url</tag>
</tags>
<kw name="Log To Console" library="BuiltIn">
<doc>Logs the given message to the console.</doc>
<arguments>
<arg>Navigating to BleacherReport.com</arg>
</arguments>
<status status="PASS" starttime="20190411 11:42:07.822" endtime="20190411 11:42:07.822"></status>
</kw>
<kw name="Go To" library="SeleniumLibrary">
<doc>Navigates the active browser instance to the provided ``url``.</doc>
<arguments>
<arg>${br_url}</arg>
</arguments>
<msg timestamp="20190411 11:42:07.823" level="INFO">Opening url 'https://bleacherreport.com/'</msg>
<status status="PASS" starttime="20190411 11:42:07.822" endtime="20190411 11:42:13.491"></status>
</kw>
<kw name="Maximize Browser Window" library="SeleniumLibrary">
<doc>Maximizes current browser window.</doc>
<status status="PASS" starttime="20190411 11:42:13.491" endtime="20190411 11:42:13.841"></status>
</kw>
<status status="PASS" starttime="20190411 11:42:07.822" endtime="20190411 11:42:13.841"></status>
</kw>
<kw name="Existing_User_Login" library="BleacherSmoke">
<tags>
<tag>Login</tag>
</tags>
<doc>Goes through the Login workflow with an existing user.</doc>
<arguments>
<arg>Yl4BGztY@gmail.com</arg>
<arg>tknbip0R</arg>
</arguments>
<kw name="Set Variable" library="BuiltIn">
<doc>Returns the given values which can then be assigned to a variables.</doc>
<arguments>
<arg>${EMAIL}</arg>
</arguments>
<assign>
<var>${login_email}</var>
</assign>
<msg timestamp="20190411 11:42:13.842" level="INFO">${login_email} = Yl4BGztY@gmail.com</msg>
<status status="PASS" starttime="20190411 11:42:13.842" endtime="20190411 11:42:13.842"></status>
</kw>
<kw name="Set Variable" library="BuiltIn">
<doc>Returns the given values which can then be assigned to a variables.</doc>
<arguments>
<arg>${PASSWORD}</arg>
</arguments>
<assign>
<var>${login_password}</var>
</assign>
<msg timestamp="20190411 11:42:13.843" level="INFO">${login_password} = tknbip0R</msg>
<status status="PASS" starttime="20190411 11:42:13.842" endtime="20190411 11:42:13.843"></status>
</kw>
<kw name="Click Element" library="SeleniumLibrary">
<doc>Click element identified by ``locator``.</doc>
<arguments>
<arg>${login_button_header}</arg>
</arguments>
<msg timestamp="20190411 11:42:13.843" level="INFO">Clicking element '//a[contains(@class,'login')]'.</msg>
<status status="PASS" starttime="20190411 11:42:13.843" endtime="20190411 11:42:14.983"></status>
</kw>
<kw name="Wait Until Element Is Visible" library="SeleniumLibrary">
<doc>Waits until element ``locator`` is visible.</doc>
<arguments>
<arg>${signin_with_email_btn}</arg>
<arg>${default_timeout}</arg>
</arguments>
<status status="PASS" starttime="20190411 11:42:14.983" endtime="20190411 11:42:15.004"></status>
</kw>
<kw name="Click Element" library="SeleniumLibrary">
<doc>Click element identified by ``locator``.</doc>
<arguments>
<arg>${signin_with_email_btn}</arg>
</arguments>
<msg timestamp="20190411 11:42:15.005" level="INFO">Clicking element '//button[contains(.,'Sign in with Email')]'.</msg>
<status status="PASS" starttime="20190411 11:42:15.004" endtime="20190411 11:42:15.075"></status>
</kw>
<kw name="Input Text" library="SeleniumLibrary">
<doc>Types the given ``text`` into text field identified by ``locator``.</doc>
<arguments>
<arg>${email_field}</arg>
<arg>${login_email}</arg>
</arguments>
<msg timestamp="20190411 11:42:15.076" level="INFO">Typing text 'Yl4BGztY@gmail.com' into text field '//input[contains(@name,'email')]'.</msg>
<status status="PASS" starttime="20190411 11:42:15.075" endtime="20190411 11:42:15.220"></status>
</kw>
<kw name="Input Password" library="SeleniumLibrary">
<doc>Types the given password into text field identified by ``locator``.</doc>
<arguments>
<arg>${password_field}</arg>
<arg>${login_password}</arg>
</arguments>
<msg timestamp="20190411 11:42:15.221" level="INFO">Typing password into text field '//input[contains(@name,'password')]'.</msg>
<status status="PASS" starttime="20190411 11:42:15.220" endtime="20190411 11:42:15.289"></status>
</kw>
<kw name="Click Button" library="SeleniumLibrary">
<doc>Clicks button identified by ``locator``.</doc>
<arguments>
<arg>${signin_btn}</arg>
</arguments>
<msg timestamp="20190411 11:42:15.290" level="INFO">Clicking button '//button[contains(.,'Sign In')]'.</msg>
<status status="PASS" starttime="20190411 11:42:15.290" endtime="20190411 11:42:15.346"></status>
</kw>
<kw name="Wait Until Element Is Visible" library="SeleniumLibrary">
<doc>Waits until element ``locator`` is visible.</doc>
<arguments>
<arg>${existing_user_loggedin}</arg>
<arg>${default_timeout}</arg>
</arguments>
<status status="PASS" starttime="20190411 11:42:15.346" endtime="20190411 11:42:18.891"></status>
</kw>
<kw name="Create Session" library="RequestsLibrary">
<doc>Create Session: create a HTTP session to a server</doc>
<arguments>
<arg>BR</arg>
<arg>http://bleacherreport.com</arg>
</arguments>
<msg timestamp="20190411 11:42:18.891" level="INFO">Creating Session using : alias=BR, url=http://bleacherreport.com, headers={},                     cookies=None, auth=None, timeout=None, proxies=None, verify=False,                     debug=0 </msg>
<status status="PASS" starttime="20190411 11:42:18.891" endtime="20190411 11:42:18.892"></status>
</kw>
<kw name="Get Request" library="RequestsLibrary">
<doc>Send a GET request on the session object found using the</doc>
<arguments>
<arg>BR</arg>
<arg>/users/11218076</arg>
</arguments>
<assign>
<var>${response}</var>
</assign>
<msg timestamp="20190411 11:42:19.123" level="INFO">Get Request using : alias=BR, uri=/users/11218076, headers=None json=None</msg>
<msg timestamp="20190411 11:42:19.123" level="INFO">/Users/ronharley/anaconda3/lib/python3.6/site-packages/urllib3/connectionpool.py:858: InsecureRequestWarning: Unverified HTTPS request is being made. Adding certificate verification is strongly advised. See: https://urllib3.readthedocs.io/en/latest/advanced-usage.html#ssl-warnings
  InsecureRequestWarning)</msg>
<msg timestamp="20190411 11:42:19.123" level="INFO">${response} = &lt;Response [200]&gt;</msg>
<status status="PASS" starttime="20190411 11:42:18.892" endtime="20190411 11:42:19.123"></status>
</kw>
<kw name="Log To Console" library="BuiltIn">
<doc>Logs the given message to the console.</doc>
<arguments>
<arg>${response.status_code}</arg>
</arguments>
<status status="PASS" starttime="20190411 11:42:19.123" endtime="20190411 11:42:19.124"></status>
</kw>
<status status="PASS" starttime="20190411 11:42:13.841" endtime="20190411 11:42:19.124"></status>
</kw>
<kw name="End Web Test" library="Common" type="teardown">
<kw name="Close Browser" library="SeleniumLibrary">
<doc>Closes the current browser.</doc>
<status status="PASS" starttime="20190411 11:42:19.125" endtime="20190411 11:42:19.287"></status>
</kw>
<status status="PASS" starttime="20190411 11:42:19.124" endtime="20190411 11:42:19.287"></status>
</kw>
<status status="PASS" starttime="20190411 11:42:05.907" endtime="20190411 11:42:19.287" critical="yes"></status>
</test>
<test id="s1-t4" name="Nav Menu Item Test">
<kw name="Begin Web Test" library="Common" type="setup">
<kw name="Open Browser" library="SeleniumLibrary">
<doc>Opens a new browser instance to the given ``url``.</doc>
<arguments>
<arg>about:blank</arg>
<arg>${BROWSER}</arg>
</arguments>
<msg timestamp="20190411 11:42:19.290" level="INFO">Opening browser 'chrome' to base url 'about:blank'.</msg>
<status status="PASS" starttime="20190411 11:42:19.289" endtime="20190411 11:42:21.210"></status>
</kw>
<status status="PASS" starttime="20190411 11:42:19.289" endtime="20190411 11:42:21.211"></status>
</kw>
<kw name="Log To Console" library="BuiltIn">
<doc>Logs the given message to the console.</doc>
<arguments>
<arg>Sub menu item count</arg>
</arguments>
<status status="PASS" starttime="20190411 11:42:21.212" endtime="20190411 11:42:21.212"></status>
</kw>
<kw name="Navigate_To_Page" library="BleacherSmoke">
<tags>
<tag>Go to BleacherReport url</tag>
</tags>
<kw name="Log To Console" library="BuiltIn">
<doc>Logs the given message to the console.</doc>
<arguments>
<arg>Navigating to BleacherReport.com</arg>
</arguments>
<status status="PASS" starttime="20190411 11:42:21.213" endtime="20190411 11:42:21.214"></status>
</kw>
<kw name="Go To" library="SeleniumLibrary">
<doc>Navigates the active browser instance to the provided ``url``.</doc>
<arguments>
<arg>${br_url}</arg>
</arguments>
<msg timestamp="20190411 11:42:21.214" level="INFO">Opening url 'https://bleacherreport.com/'</msg>
<status status="PASS" starttime="20190411 11:42:21.214" endtime="20190411 11:42:26.738"></status>
</kw>
<kw name="Maximize Browser Window" library="SeleniumLibrary">
<doc>Maximizes current browser window.</doc>
<status status="PASS" starttime="20190411 11:42:26.738" endtime="20190411 11:42:27.099"></status>
</kw>
<status status="PASS" starttime="20190411 11:42:21.213" endtime="20190411 11:42:27.100"></status>
</kw>
<kw name="Menu_Item_Count" library="BleacherSmoke">
<tags>
<tag>Sub Menu Count</tag>
</tags>
<doc>Loops over all of the category menus, adds the number of menu items in each category to a list, and confirms that the number of menu items matches a known good list of menu items.</doc>
<kw name="Create List" library="BuiltIn">
<doc>Returns a list containing given items.</doc>
<arguments>
<arg>${nfl_header}</arg>
<arg>${cfb_header}</arg>
<arg>${nba_header}</arg>
<arg>${world_fb_header}</arg>
<arg>${mlb_header}</arg>
<arg>${nhl_header}</arg>
<arg>${cbb_header}</arg>
<arg>${more_header}</arg>
</arguments>
<assign>
<var>@{ITEMS}</var>
</assign>
<msg timestamp="20190411 11:42:27.101" level="INFO">@{ITEMS} = [ //a[contains(text(),'NFL')] | //a[contains(text(),'CFB')] | //a[contains(text(),'NBA')] | //a[contains(text(),'World Football')] | //a[contains(text(),'MLB')] | //a[contains(text(),'NHL')] | //a[con...</msg>
<status status="PASS" starttime="20190411 11:42:27.100" endtime="20190411 11:42:27.101"></status>
</kw>
<kw name="Create List" library="BuiltIn">
<doc>Returns a list containing given items.</doc>
<arguments>
<arg>${mma_header}</arg>
<arg>${wwe_header}</arg>
<arg>${golf_header}</arg>
<arg>${tennis_header}</arg>
<arg>${boxing_header}</arg>
<arg>${shows_header}</arg>
</arguments>
<assign>
<var>@{ITEMS2}</var>
</assign>
<msg timestamp="20190411 11:42:27.102" level="INFO">@{ITEMS2} = [ //a[contains(text(),'MMA')] | //a[contains(text(),'WWE')] | //a[contains(text(),'Golf')] | //a[contains(text(),'Tennis')] | //a[contains(text(),'Boxing')] | //a[contains(.,'Shows')] ]</msg>
<status status="PASS" starttime="20190411 11:42:27.101" endtime="20190411 11:42:27.102"></status>
</kw>
<kw name="Create List" library="BuiltIn">
<doc>Returns a list containing given items.</doc>
<arguments>
<arg>${32}</arg>
<arg>${81}</arg>
<arg>${30}</arg>
<arg>${247}</arg>
<arg>${30}</arg>
<arg>${31}</arg>
<arg>${89}</arg>
<arg>${7}</arg>
<arg>${2}</arg>
<arg>${1}</arg>
<arg>${1}</arg>
<arg>${0}</arg>
<arg>${2}</arg>
<arg>${4}</arg>
</arguments>
<assign>
<var>${Expected_Menu_Items_Num}</var>
</assign>
<msg timestamp="20190411 11:42:27.103" level="INFO">${Expected_Menu_Items_Num} = [32, 81, 30, 247, 30, 31, 89, 7, 2, 1, 1, 0, 2, 4]</msg>
<status status="PASS" starttime="20190411 11:42:27.102" endtime="20190411 11:42:27.103"></status>
</kw>
<kw name="Create List" library="BuiltIn">
<doc>Returns a list containing given items.</doc>
<assign>
<var>${Actual_Menu_Items_Num}</var>
</assign>
<msg timestamp="20190411 11:42:27.104" level="INFO">${Actual_Menu_Items_Num} = []</msg>
<status status="PASS" starttime="20190411 11:42:27.103" endtime="20190411 11:42:27.104"></status>
</kw>
<kw name="${ELEMENT} IN [ @{ITEMS} ]" type="for">
<kw name="${ELEMENT} = //a[contains(text(),'NFL')]" type="foritem">
<kw name="Set Window Size" library="SeleniumLibrary">
<doc>Sets current windows size to given ``width`` and ``height``.</doc>
<arguments>
<arg>2000</arg>
<arg>800</arg>
</arguments>
<status status="PASS" starttime="20190411 11:42:27.104" endtime="20190411 11:42:27.215"></status>
</kw>
<kw name="Log" library="BuiltIn">
<doc>Logs the given message with the given level.</doc>
<arguments>
<arg>${ELEMENT}</arg>
</arguments>
<msg timestamp="20190411 11:42:27.215" level="INFO">//a[contains(text(),'NFL')]</msg>
<status status="PASS" starttime="20190411 11:42:27.215" endtime="20190411 11:42:27.216"></status>
</kw>
<kw name="Mouse Over" library="SeleniumLibrary">
<doc>Simulates hovering mouse over the element ``locator``.</doc>
<arguments>
<arg>${ELEMENT}</arg>
</arguments>
<msg timestamp="20190411 11:42:27.216" level="INFO">Simulating Mouse Over on element '//a[contains(text(),'NFL')]'.</msg>
<status status="PASS" starttime="20190411 11:42:27.216" endtime="20190411 11:42:27.351"></status>
</kw>
<kw name="Get Element Count" library="SeleniumLibrary">
<doc>Returns number of elements matching ``locator``.</doc>
<arguments>
<arg>${nav_menu_items}</arg>
</arguments>
<assign>
<var>${count}</var>
</assign>
<msg timestamp="20190411 11:42:27.365" level="INFO">${count} = 32</msg>
<status status="PASS" starttime="20190411 11:42:27.351" endtime="20190411 11:42:27.365"></status>
</kw>
<kw name="Log To Console" library="BuiltIn">
<doc>Logs the given message to the console.</doc>
<arguments>
<arg>${count}</arg>
</arguments>
<status status="PASS" starttime="20190411 11:42:27.366" endtime="20190411 11:42:27.366"></status>
</kw>
<kw name="Append To List" library="Collections">
<doc>Adds ``values`` to the end of ``list``.</doc>
<arguments>
<arg>${Actual_Menu_Items_Num}</arg>
<arg>${count}</arg>
</arguments>
<status status="PASS" starttime="20190411 11:42:27.366" endtime="20190411 11:42:27.366"></status>
</kw>
<status status="PASS" starttime="20190411 11:42:27.104" endtime="20190411 11:42:27.366"></status>
</kw>
<kw name="${ELEMENT} = //a[contains(text(),'CFB')]" type="foritem">
<kw name="Set Window Size" library="SeleniumLibrary">
<doc>Sets current windows size to given ``width`` and ``height``.</doc>
<arguments>
<arg>2000</arg>
<arg>800</arg>
</arguments>
<status status="PASS" starttime="20190411 11:42:27.367" endtime="20190411 11:42:27.469"></status>
</kw>
<kw name="Log" library="BuiltIn">
<doc>Logs the given message with the given level.</doc>
<arguments>
<arg>${ELEMENT}</arg>
</arguments>
<msg timestamp="20190411 11:42:27.469" level="INFO">//a[contains(text(),'CFB')]</msg>
<status status="PASS" starttime="20190411 11:42:27.469" endtime="20190411 11:42:27.469"></status>
</kw>
<kw name="Mouse Over" library="SeleniumLibrary">
<doc>Simulates hovering mouse over the element ``locator``.</doc>
<arguments>
<arg>${ELEMENT}</arg>
</arguments>
<msg timestamp="20190411 11:42:27.469" level="INFO">Simulating Mouse Over on element '//a[contains(text(),'CFB')]'.</msg>
<status status="PASS" starttime="20190411 11:42:27.469" endtime="20190411 11:42:27.545"></status>
</kw>
<kw name="Get Element Count" library="SeleniumLibrary">
<doc>Returns number of elements matching ``locator``.</doc>
<arguments>
<arg>${nav_menu_items}</arg>
</arguments>
<assign>
<var>${count}</var>
</assign>
<msg timestamp="20190411 11:42:27.570" level="INFO">${count} = 81</msg>
<status status="PASS" starttime="20190411 11:42:27.545" endtime="20190411 11:42:27.570"></status>
</kw>
<kw name="Log To Console" library="BuiltIn">
<doc>Logs the given message to the console.</doc>
<arguments>
<arg>${count}</arg>
</arguments>
<status status="PASS" starttime="20190411 11:42:27.570" endtime="20190411 11:42:27.570"></status>
</kw>
<kw name="Append To List" library="Collections">
<doc>Adds ``values`` to the end of ``list``.</doc>
<arguments>
<arg>${Actual_Menu_Items_Num}</arg>
<arg>${count}</arg>
</arguments>
<status status="PASS" starttime="20190411 11:42:27.571" endtime="20190411 11:42:27.571"></status>
</kw>
<status status="PASS" starttime="20190411 11:42:27.366" endtime="20190411 11:42:27.571"></status>
</kw>
<kw name="${ELEMENT} = //a[contains(text(),'NBA')]" type="foritem">
<kw name="Set Window Size" library="SeleniumLibrary">
<doc>Sets current windows size to given ``width`` and ``height``.</doc>
<arguments>
<arg>2000</arg>
<arg>800</arg>
</arguments>
<status status="PASS" starttime="20190411 11:42:27.571" endtime="20190411 11:42:27.674"></status>
</kw>
<kw name="Log" library="BuiltIn">
<doc>Logs the given message with the given level.</doc>
<arguments>
<arg>${ELEMENT}</arg>
</arguments>
<msg timestamp="20190411 11:42:27.674" level="INFO">//a[contains(text(),'NBA')]</msg>
<status status="PASS" starttime="20190411 11:42:27.674" endtime="20190411 11:42:27.675"></status>
</kw>
<kw name="Mouse Over" library="SeleniumLibrary">
<doc>Simulates hovering mouse over the element ``locator``.</doc>
<arguments>
<arg>${ELEMENT}</arg>
</arguments>
<msg timestamp="20190411 11:42:27.675" level="INFO">Simulating Mouse Over on element '//a[contains(text(),'NBA')]'.</msg>
<status status="PASS" starttime="20190411 11:42:27.675" endtime="20190411 11:42:27.714"></status>
</kw>
<kw name="Get Element Count" library="SeleniumLibrary">
<doc>Returns number of elements matching ``locator``.</doc>
<arguments>
<arg>${nav_menu_items}</arg>
</arguments>
<assign>
<var>${count}</var>
</assign>
<msg timestamp="20190411 11:42:27.723" level="INFO">${count} = 30</msg>
<status status="PASS" starttime="20190411 11:42:27.714" endtime="20190411 11:42:27.723"></status>
</kw>
<kw name="Log To Console" library="BuiltIn">
<doc>Logs the given message to the console.</doc>
<arguments>
<arg>${count}</arg>
</arguments>
<status status="PASS" starttime="20190411 11:42:27.723" endtime="20190411 11:42:27.723"></status>
</kw>
<kw name="Append To List" library="Collections">
<doc>Adds ``values`` to the end of ``list``.</doc>
<arguments>
<arg>${Actual_Menu_Items_Num}</arg>
<arg>${count}</arg>
</arguments>
<status status="PASS" starttime="20190411 11:42:27.723" endtime="20190411 11:42:27.723"></status>
</kw>
<status status="PASS" starttime="20190411 11:42:27.571" endtime="20190411 11:42:27.723"></status>
</kw>
<kw name="${ELEMENT} = //a[contains(text(),'World Football')]" type="foritem">
<kw name="Set Window Size" library="SeleniumLibrary">
<doc>Sets current windows size to given ``width`` and ``height``.</doc>
<arguments>
<arg>2000</arg>
<arg>800</arg>
</arguments>
<status status="PASS" starttime="20190411 11:42:27.724" endtime="20190411 11:42:27.827"></status>
</kw>
<kw name="Log" library="BuiltIn">
<doc>Logs the given message with the given level.</doc>
<arguments>
<arg>${ELEMENT}</arg>
</arguments>
<msg timestamp="20190411 11:42:27.828" level="INFO">//a[contains(text(),'World Football')]</msg>
<status status="PASS" starttime="20190411 11:42:27.827" endtime="20190411 11:42:27.828"></status>
</kw>
<kw name="Mouse Over" library="SeleniumLibrary">
<doc>Simulates hovering mouse over the element ``locator``.</doc>
<arguments>
<arg>${ELEMENT}</arg>
</arguments>
<msg timestamp="20190411 11:42:27.828" level="INFO">Simulating Mouse Over on element '//a[contains(text(),'World Football')]'.</msg>
<status status="PASS" starttime="20190411 11:42:27.828" endtime="20190411 11:42:27.895"></status>
</kw>
<kw name="Get Element Count" library="SeleniumLibrary">
<doc>Returns number of elements matching ``locator``.</doc>
<arguments>
<arg>${nav_menu_items}</arg>
</arguments>
<assign>
<var>${count}</var>
</assign>
<msg timestamp="20190411 11:42:27.912" level="INFO">${count} = 247</msg>
<status status="PASS" starttime="20190411 11:42:27.895" endtime="20190411 11:42:27.912"></status>
</kw>
<kw name="Log To Console" library="BuiltIn">
<doc>Logs the given message to the console.</doc>
<arguments>
<arg>${count}</arg>
</arguments>
<status status="PASS" starttime="20190411 11:42:27.912" endtime="20190411 11:42:27.913"></status>
</kw>
<kw name="Append To List" library="Collections">
<doc>Adds ``values`` to the end of ``list``.</doc>
<arguments>
<arg>${Actual_Menu_Items_Num}</arg>
<arg>${count}</arg>
</arguments>
<status status="PASS" starttime="20190411 11:42:27.913" endtime="20190411 11:42:27.913"></status>
</kw>
<status status="PASS" starttime="20190411 11:42:27.723" endtime="20190411 11:42:27.913"></status>
</kw>
<kw name="${ELEMENT} = //a[contains(text(),'MLB')]" type="foritem">
<kw name="Set Window Size" library="SeleniumLibrary">
<doc>Sets current windows size to given ``width`` and ``height``.</doc>
<arguments>
<arg>2000</arg>
<arg>800</arg>
</arguments>
<status status="PASS" starttime="20190411 11:42:27.913" endtime="20190411 11:42:28.017"></status>
</kw>
<kw name="Log" library="BuiltIn">
<doc>Logs the given message with the given level.</doc>
<arguments>
<arg>${ELEMENT}</arg>
</arguments>
<msg timestamp="20190411 11:42:28.017" level="INFO">//a[contains(text(),'MLB')]</msg>
<status status="PASS" starttime="20190411 11:42:28.017" endtime="20190411 11:42:28.017"></status>
</kw>
<kw name="Mouse Over" library="SeleniumLibrary">
<doc>Simulates hovering mouse over the element ``locator``.</doc>
<arguments>
<arg>${ELEMENT}</arg>
</arguments>
<msg timestamp="20190411 11:42:28.018" level="INFO">Simulating Mouse Over on element '//a[contains(text(),'MLB')]'.</msg>
<status status="PASS" starttime="20190411 11:42:28.017" endtime="20190411 11:42:28.155"></status>
</kw>
<kw name="Get Element Count" library="SeleniumLibrary">
<doc>Returns number of elements matching ``locator``.</doc>
<arguments>
<arg>${nav_menu_items}</arg>
</arguments>
<assign>
<var>${count}</var>
</assign>
<msg timestamp="20190411 11:42:28.243" level="INFO">${count} = 30</msg>
<status status="PASS" starttime="20190411 11:42:28.155" endtime="20190411 11:42:28.243"></status>
</kw>
<kw name="Log To Console" library="BuiltIn">
<doc>Logs the given message to the console.</doc>
<arguments>
<arg>${count}</arg>
</arguments>
<status status="PASS" starttime="20190411 11:42:28.243" endtime="20190411 11:42:28.243"></status>
</kw>
<kw name="Append To List" library="Collections">
<doc>Adds ``values`` to the end of ``list``.</doc>
<arguments>
<arg>${Actual_Menu_Items_Num}</arg>
<arg>${count}</arg>
</arguments>
<status status="PASS" starttime="20190411 11:42:28.243" endtime="20190411 11:42:28.244"></status>
</kw>
<status status="PASS" starttime="20190411 11:42:27.913" endtime="20190411 11:42:28.244"></status>
</kw>
<kw name="${ELEMENT} = //a[contains(text(),'NHL')]" type="foritem">
<kw name="Set Window Size" library="SeleniumLibrary">
<doc>Sets current windows size to given ``width`` and ``height``.</doc>
<arguments>
<arg>2000</arg>
<arg>800</arg>
</arguments>
<status status="PASS" starttime="20190411 11:42:28.244" endtime="20190411 11:42:28.346"></status>
</kw>
<kw name="Log" library="BuiltIn">
<doc>Logs the given message with the given level.</doc>
<arguments>
<arg>${ELEMENT}</arg>
</arguments>
<msg timestamp="20190411 11:42:28.346" level="INFO">//a[contains(text(),'NHL')]</msg>
<status status="PASS" starttime="20190411 11:42:28.346" endtime="20190411 11:42:28.346"></status>
</kw>
<kw name="Mouse Over" library="SeleniumLibrary">
<doc>Simulates hovering mouse over the element ``locator``.</doc>
<arguments>
<arg>${ELEMENT}</arg>
</arguments>
<msg timestamp="20190411 11:42:28.347" level="INFO">Simulating Mouse Over on element '//a[contains(text(),'NHL')]'.</msg>
<status status="PASS" starttime="20190411 11:42:28.347" endtime="20190411 11:42:28.396"></status>
</kw>
<kw name="Get Element Count" library="SeleniumLibrary">
<doc>Returns number of elements matching ``locator``.</doc>
<arguments>
<arg>${nav_menu_items}</arg>
</arguments>
<assign>
<var>${count}</var>
</assign>
<msg timestamp="20190411 11:42:28.405" level="INFO">${count} = 31</msg>
<status status="PASS" starttime="20190411 11:42:28.396" endtime="20190411 11:42:28.405"></status>
</kw>
<kw name="Log To Console" library="BuiltIn">
<doc>Logs the given message to the console.</doc>
<arguments>
<arg>${count}</arg>
</arguments>
<status status="PASS" starttime="20190411 11:42:28.405" endtime="20190411 11:42:28.406"></status>
</kw>
<kw name="Append To List" library="Collections">
<doc>Adds ``values`` to the end of ``list``.</doc>
<arguments>
<arg>${Actual_Menu_Items_Num}</arg>
<arg>${count}</arg>
</arguments>
<status status="PASS" starttime="20190411 11:42:28.406" endtime="20190411 11:42:28.406"></status>
</kw>
<status status="PASS" starttime="20190411 11:42:28.244" endtime="20190411 11:42:28.406"></status>
</kw>
<kw name="${ELEMENT} = //a[contains(text(),'CBB')]" type="foritem">
<kw name="Set Window Size" library="SeleniumLibrary">
<doc>Sets current windows size to given ``width`` and ``height``.</doc>
<arguments>
<arg>2000</arg>
<arg>800</arg>
</arguments>
<status status="PASS" starttime="20190411 11:42:28.406" endtime="20190411 11:42:28.509"></status>
</kw>
<kw name="Log" library="BuiltIn">
<doc>Logs the given message with the given level.</doc>
<arguments>
<arg>${ELEMENT}</arg>
</arguments>
<msg timestamp="20190411 11:42:28.510" level="INFO">//a[contains(text(),'CBB')]</msg>
<status status="PASS" starttime="20190411 11:42:28.509" endtime="20190411 11:42:28.510"></status>
</kw>
<kw name="Mouse Over" library="SeleniumLibrary">
<doc>Simulates hovering mouse over the element ``locator``.</doc>
<arguments>
<arg>${ELEMENT}</arg>
</arguments>
<msg timestamp="20190411 11:42:28.510" level="INFO">Simulating Mouse Over on element '//a[contains(text(),'CBB')]'.</msg>
<status status="PASS" starttime="20190411 11:42:28.510" endtime="20190411 11:42:28.566"></status>
</kw>
<kw name="Get Element Count" library="SeleniumLibrary">
<doc>Returns number of elements matching ``locator``.</doc>
<arguments>
<arg>${nav_menu_items}</arg>
</arguments>
<assign>
<var>${count}</var>
</assign>
<msg timestamp="20190411 11:42:28.578" level="INFO">${count} = 89</msg>
<status status="PASS" starttime="20190411 11:42:28.567" endtime="20190411 11:42:28.578"></status>
</kw>
<kw name="Log To Console" library="BuiltIn">
<doc>Logs the given message to the console.</doc>
<arguments>
<arg>${count}</arg>
</arguments>
<status status="PASS" starttime="20190411 11:42:28.578" endtime="20190411 11:42:28.578"></status>
</kw>
<kw name="Append To List" library="Collections">
<doc>Adds ``values`` to the end of ``list``.</doc>
<arguments>
<arg>${Actual_Menu_Items_Num}</arg>
<arg>${count}</arg>
</arguments>
<status status="PASS" starttime="20190411 11:42:28.579" endtime="20190411 11:42:28.579"></status>
</kw>
<status status="PASS" starttime="20190411 11:42:28.406" endtime="20190411 11:42:28.579"></status>
</kw>
<kw name="${ELEMENT} = //a[contains(.,'More')]" type="foritem">
<kw name="Set Window Size" library="SeleniumLibrary">
<doc>Sets current windows size to given ``width`` and ``height``.</doc>
<arguments>
<arg>2000</arg>
<arg>800</arg>
</arguments>
<status status="PASS" starttime="20190411 11:42:28.579" endtime="20190411 11:42:28.681"></status>
</kw>
<kw name="Log" library="BuiltIn">
<doc>Logs the given message with the given level.</doc>
<arguments>
<arg>${ELEMENT}</arg>
</arguments>
<msg timestamp="20190411 11:42:28.682" level="INFO">//a[contains(.,'More')]</msg>
<status status="PASS" starttime="20190411 11:42:28.682" endtime="20190411 11:42:28.682"></status>
</kw>
<kw name="Mouse Over" library="SeleniumLibrary">
<doc>Simulates hovering mouse over the element ``locator``.</doc>
<arguments>
<arg>${ELEMENT}</arg>
</arguments>
<msg timestamp="20190411 11:42:28.683" level="INFO">Simulating Mouse Over on element '//a[contains(.,'More')]'.</msg>
<status status="PASS" starttime="20190411 11:42:28.682" endtime="20190411 11:42:28.724"></status>
</kw>
<kw name="Get Element Count" library="SeleniumLibrary">
<doc>Returns number of elements matching ``locator``.</doc>
<arguments>
<arg>${nav_menu_items}</arg>
</arguments>
<assign>
<var>${count}</var>
</assign>
<msg timestamp="20190411 11:42:28.732" level="INFO">${count} = 7</msg>
<status status="PASS" starttime="20190411 11:42:28.724" endtime="20190411 11:42:28.732"></status>
</kw>
<kw name="Log To Console" library="BuiltIn">
<doc>Logs the given message to the console.</doc>
<arguments>
<arg>${count}</arg>
</arguments>
<status status="PASS" starttime="20190411 11:42:28.732" endtime="20190411 11:42:28.732"></status>
</kw>
<kw name="Append To List" library="Collections">
<doc>Adds ``values`` to the end of ``list``.</doc>
<arguments>
<arg>${Actual_Menu_Items_Num}</arg>
<arg>${count}</arg>
</arguments>
<status status="PASS" starttime="20190411 11:42:28.733" endtime="20190411 11:42:28.733"></status>
</kw>
<status status="PASS" starttime="20190411 11:42:28.579" endtime="20190411 11:42:28.733"></status>
</kw>
<status status="PASS" starttime="20190411 11:42:27.104" endtime="20190411 11:42:28.733"></status>
</kw>
<kw name="${ELEMENT} IN [ @{ITEMS2} ]" type="for">
<kw name="${ELEMENT} = //a[contains(text(),'MMA')]" type="foritem">
<kw name="Set Window Size" library="SeleniumLibrary">
<doc>Sets current windows size to given ``width`` and ``height``.</doc>
<arguments>
<arg>2000</arg>
<arg>800</arg>
</arguments>
<status status="PASS" starttime="20190411 11:42:28.733" endtime="20190411 11:42:28.836"></status>
</kw>
<kw name="Log" library="BuiltIn">
<doc>Logs the given message with the given level.</doc>
<arguments>
<arg>${ELEMENT}</arg>
</arguments>
<msg timestamp="20190411 11:42:28.837" level="INFO">//a[contains(text(),'MMA')]</msg>
<status status="PASS" starttime="20190411 11:42:28.836" endtime="20190411 11:42:28.837"></status>
</kw>
<kw name="Mouse Over" library="SeleniumLibrary">
<doc>Simulates hovering mouse over the element ``locator``.</doc>
<arguments>
<arg>${ELEMENT}</arg>
</arguments>
<msg timestamp="20190411 11:42:28.837" level="INFO">Simulating Mouse Over on element '//a[contains(text(),'MMA')]'.</msg>
<status status="PASS" starttime="20190411 11:42:28.837" endtime="20190411 11:42:28.877"></status>
</kw>
<kw name="Get Element Count" library="SeleniumLibrary">
<doc>Returns number of elements matching ``locator``.</doc>
<arguments>
<arg>${nav_menu_2}</arg>
</arguments>
<assign>
<var>${count}</var>
</assign>
<msg timestamp="20190411 11:42:28.905" level="INFO">${count} = 2</msg>
<status status="PASS" starttime="20190411 11:42:28.877" endtime="20190411 11:42:28.905"></status>
</kw>
<kw name="Log To Console" library="BuiltIn">
<doc>Logs the given message to the console.</doc>
<arguments>
<arg>${count}</arg>
</arguments>
<status status="PASS" starttime="20190411 11:42:28.905" endtime="20190411 11:42:28.905"></status>
</kw>
<kw name="Append To List" library="Collections">
<doc>Adds ``values`` to the end of ``list``.</doc>
<arguments>
<arg>${Actual_Menu_Items_Num}</arg>
<arg>${count}</arg>
</arguments>
<status status="PASS" starttime="20190411 11:42:28.905" endtime="20190411 11:42:28.906"></status>
</kw>
<status status="PASS" starttime="20190411 11:42:28.733" endtime="20190411 11:42:28.906"></status>
</kw>
<kw name="${ELEMENT} = //a[contains(text(),'WWE')]" type="foritem">
<kw name="Set Window Size" library="SeleniumLibrary">
<doc>Sets current windows size to given ``width`` and ``height``.</doc>
<arguments>
<arg>2000</arg>
<arg>800</arg>
</arguments>
<status status="PASS" starttime="20190411 11:42:28.906" endtime="20190411 11:42:29.008"></status>
</kw>
<kw name="Log" library="BuiltIn">
<doc>Logs the given message with the given level.</doc>
<arguments>
<arg>${ELEMENT}</arg>
</arguments>
<msg timestamp="20190411 11:42:29.009" level="INFO">//a[contains(text(),'WWE')]</msg>
<status status="PASS" starttime="20190411 11:42:29.009" endtime="20190411 11:42:29.009"></status>
</kw>
<kw name="Mouse Over" library="SeleniumLibrary">
<doc>Simulates hovering mouse over the element ``locator``.</doc>
<arguments>
<arg>${ELEMENT}</arg>
</arguments>
<msg timestamp="20190411 11:42:29.009" level="INFO">Simulating Mouse Over on element '//a[contains(text(),'WWE')]'.</msg>
<status status="PASS" starttime="20190411 11:42:29.009" endtime="20190411 11:42:29.048"></status>
</kw>
<kw name="Get Element Count" library="SeleniumLibrary">
<doc>Returns number of elements matching ``locator``.</doc>
<arguments>
<arg>${nav_menu_2}</arg>
</arguments>
<assign>
<var>${count}</var>
</assign>
<msg timestamp="20190411 11:42:29.055" level="INFO">${count} = 1</msg>
<status status="PASS" starttime="20190411 11:42:29.048" endtime="20190411 11:42:29.055"></status>
</kw>
<kw name="Log To Console" library="BuiltIn">
<doc>Logs the given message to the console.</doc>
<arguments>
<arg>${count}</arg>
</arguments>
<status status="PASS" starttime="20190411 11:42:29.056" endtime="20190411 11:42:29.056"></status>
</kw>
<kw name="Append To List" library="Collections">
<doc>Adds ``values`` to the end of ``list``.</doc>
<arguments>
<arg>${Actual_Menu_Items_Num}</arg>
<arg>${count}</arg>
</arguments>
<status status="PASS" starttime="20190411 11:42:29.056" endtime="20190411 11:42:29.056"></status>
</kw>
<status status="PASS" starttime="20190411 11:42:28.906" endtime="20190411 11:42:29.056"></status>
</kw>
<kw name="${ELEMENT} = //a[contains(text(),'Golf')]" type="foritem">
<kw name="Set Window Size" library="SeleniumLibrary">
<doc>Sets current windows size to given ``width`` and ``height``.</doc>
<arguments>
<arg>2000</arg>
<arg>800</arg>
</arguments>
<status status="PASS" starttime="20190411 11:42:29.056" endtime="20190411 11:42:29.160"></status>
</kw>
<kw name="Log" library="BuiltIn">
<doc>Logs the given message with the given level.</doc>
<arguments>
<arg>${ELEMENT}</arg>
</arguments>
<msg timestamp="20190411 11:42:29.160" level="INFO">//a[contains(text(),'Golf')]</msg>
<status status="PASS" starttime="20190411 11:42:29.160" endtime="20190411 11:42:29.160"></status>
</kw>
<kw name="Mouse Over" library="SeleniumLibrary">
<doc>Simulates hovering mouse over the element ``locator``.</doc>
<arguments>
<arg>${ELEMENT}</arg>
</arguments>
<msg timestamp="20190411 11:42:29.161" level="INFO">Simulating Mouse Over on element '//a[contains(text(),'Golf')]'.</msg>
<status status="PASS" starttime="20190411 11:42:29.161" endtime="20190411 11:42:29.198"></status>
</kw>
<kw name="Get Element Count" library="SeleniumLibrary">
<doc>Returns number of elements matching ``locator``.</doc>
<arguments>
<arg>${nav_menu_2}</arg>
</arguments>
<assign>
<var>${count}</var>
</assign>
<msg timestamp="20190411 11:42:29.207" level="INFO">${count} = 1</msg>
<status status="PASS" starttime="20190411 11:42:29.198" endtime="20190411 11:42:29.207"></status>
</kw>
<kw name="Log To Console" library="BuiltIn">
<doc>Logs the given message to the console.</doc>
<arguments>
<arg>${count}</arg>
</arguments>
<status status="PASS" starttime="20190411 11:42:29.208" endtime="20190411 11:42:29.208"></status>
</kw>
<kw name="Append To List" library="Collections">
<doc>Adds ``values`` to the end of ``list``.</doc>
<arguments>
<arg>${Actual_Menu_Items_Num}</arg>
<arg>${count}</arg>
</arguments>
<status status="PASS" starttime="20190411 11:42:29.208" endtime="20190411 11:42:29.208"></status>
</kw>
<status status="PASS" starttime="20190411 11:42:29.056" endtime="20190411 11:42:29.208"></status>
</kw>
<kw name="${ELEMENT} = //a[contains(text(),'Tennis')]" type="foritem">
<kw name="Set Window Size" library="SeleniumLibrary">
<doc>Sets current windows size to given ``width`` and ``height``.</doc>
<arguments>
<arg>2000</arg>
<arg>800</arg>
</arguments>
<status status="PASS" starttime="20190411 11:42:29.208" endtime="20190411 11:42:29.312"></status>
</kw>
<kw name="Log" library="BuiltIn">
<doc>Logs the given message with the given level.</doc>
<arguments>
<arg>${ELEMENT}</arg>
</arguments>
<msg timestamp="20190411 11:42:29.313" level="INFO">//a[contains(text(),'Tennis')]</msg>
<status status="PASS" starttime="20190411 11:42:29.312" endtime="20190411 11:42:29.313"></status>
</kw>
<kw name="Mouse Over" library="SeleniumLibrary">
<doc>Simulates hovering mouse over the element ``locator``.</doc>
<arguments>
<arg>${ELEMENT}</arg>
</arguments>
<msg timestamp="20190411 11:42:29.313" level="INFO">Simulating Mouse Over on element '//a[contains(text(),'Tennis')]'.</msg>
<status status="PASS" starttime="20190411 11:42:29.313" endtime="20190411 11:42:29.346"></status>
</kw>
<kw name="Get Element Count" library="SeleniumLibrary">
<doc>Returns number of elements matching ``locator``.</doc>
<arguments>
<arg>${nav_menu_2}</arg>
</arguments>
<assign>
<var>${count}</var>
</assign>
<msg timestamp="20190411 11:42:29.355" level="INFO">${count} = 0</msg>
<status status="PASS" starttime="20190411 11:42:29.346" endtime="20190411 11:42:29.355"></status>
</kw>
<kw name="Log To Console" library="BuiltIn">
<doc>Logs the given message to the console.</doc>
<arguments>
<arg>${count}</arg>
</arguments>
<status status="PASS" starttime="20190411 11:42:29.356" endtime="20190411 11:42:29.356"></status>
</kw>
<kw name="Append To List" library="Collections">
<doc>Adds ``values`` to the end of ``list``.</doc>
<arguments>
<arg>${Actual_Menu_Items_Num}</arg>
<arg>${count}</arg>
</arguments>
<status status="PASS" starttime="20190411 11:42:29.356" endtime="20190411 11:42:29.356"></status>
</kw>
<status status="PASS" starttime="20190411 11:42:29.208" endtime="20190411 11:42:29.356"></status>
</kw>
<kw name="${ELEMENT} = //a[contains(text(),'Boxing')]" type="foritem">
<kw name="Set Window Size" library="SeleniumLibrary">
<doc>Sets current windows size to given ``width`` and ``height``.</doc>
<arguments>
<arg>2000</arg>
<arg>800</arg>
</arguments>
<status status="PASS" starttime="20190411 11:42:29.356" endtime="20190411 11:42:29.459"></status>
</kw>
<kw name="Log" library="BuiltIn">
<doc>Logs the given message with the given level.</doc>
<arguments>
<arg>${ELEMENT}</arg>
</arguments>
<msg timestamp="20190411 11:42:29.459" level="INFO">//a[contains(text(),'Boxing')]</msg>
<status status="PASS" starttime="20190411 11:42:29.459" endtime="20190411 11:42:29.459"></status>
</kw>
<kw name="Mouse Over" library="SeleniumLibrary">
<doc>Simulates hovering mouse over the element ``locator``.</doc>
<arguments>
<arg>${ELEMENT}</arg>
</arguments>
<msg timestamp="20190411 11:42:29.460" level="INFO">Simulating Mouse Over on element '//a[contains(text(),'Boxing')]'.</msg>
<status status="PASS" starttime="20190411 11:42:29.460" endtime="20190411 11:42:29.494"></status>
</kw>
<kw name="Get Element Count" library="SeleniumLibrary">
<doc>Returns number of elements matching ``locator``.</doc>
<arguments>
<arg>${nav_menu_2}</arg>
</arguments>
<assign>
<var>${count}</var>
</assign>
<msg timestamp="20190411 11:42:29.505" level="INFO">${count} = 2</msg>
<status status="PASS" starttime="20190411 11:42:29.494" endtime="20190411 11:42:29.505"></status>
</kw>
<kw name="Log To Console" library="BuiltIn">
<doc>Logs the given message to the console.</doc>
<arguments>
<arg>${count}</arg>
</arguments>
<status status="PASS" starttime="20190411 11:42:29.505" endtime="20190411 11:42:29.505"></status>
</kw>
<kw name="Append To List" library="Collections">
<doc>Adds ``values`` to the end of ``list``.</doc>
<arguments>
<arg>${Actual_Menu_Items_Num}</arg>
<arg>${count}</arg>
</arguments>
<status status="PASS" starttime="20190411 11:42:29.506" endtime="20190411 11:42:29.506"></status>
</kw>
<status status="PASS" starttime="20190411 11:42:29.356" endtime="20190411 11:42:29.506"></status>
</kw>
<kw name="${ELEMENT} = //a[contains(.,'Shows')]" type="foritem">
<kw name="Set Window Size" library="SeleniumLibrary">
<doc>Sets current windows size to given ``width`` and ``height``.</doc>
<arguments>
<arg>2000</arg>
<arg>800</arg>
</arguments>
<status status="PASS" starttime="20190411 11:42:29.506" endtime="20190411 11:42:29.610"></status>
</kw>
<kw name="Log" library="BuiltIn">
<doc>Logs the given message with the given level.</doc>
<arguments>
<arg>${ELEMENT}</arg>
</arguments>
<msg timestamp="20190411 11:42:29.611" level="INFO">//a[contains(.,'Shows')]</msg>
<status status="PASS" starttime="20190411 11:42:29.610" endtime="20190411 11:42:29.611"></status>
</kw>
<kw name="Mouse Over" library="SeleniumLibrary">
<doc>Simulates hovering mouse over the element ``locator``.</doc>
<arguments>
<arg>${ELEMENT}</arg>
</arguments>
<msg timestamp="20190411 11:42:29.611" level="INFO">Simulating Mouse Over on element '//a[contains(.,'Shows')]'.</msg>
<status status="PASS" starttime="20190411 11:42:29.611" endtime="20190411 11:42:29.645"></status>
</kw>
<kw name="Get Element Count" library="SeleniumLibrary">
<doc>Returns number of elements matching ``locator``.</doc>
<arguments>
<arg>${nav_menu_2}</arg>
</arguments>
<assign>
<var>${count}</var>
</assign>
<msg timestamp="20190411 11:42:29.658" level="INFO">${count} = 4</msg>
<status status="PASS" starttime="20190411 11:42:29.646" endtime="20190411 11:42:29.658"></status>
</kw>
<kw name="Log To Console" library="BuiltIn">
<doc>Logs the given message to the console.</doc>
<arguments>
<arg>${count}</arg>
</arguments>
<status status="PASS" starttime="20190411 11:42:29.658" endtime="20190411 11:42:29.659"></status>
</kw>
<kw name="Append To List" library="Collections">
<doc>Adds ``values`` to the end of ``list``.</doc>
<arguments>
<arg>${Actual_Menu_Items_Num}</arg>
<arg>${count}</arg>
</arguments>
<status status="PASS" starttime="20190411 11:42:29.659" endtime="20190411 11:42:29.659"></status>
</kw>
<status status="PASS" starttime="20190411 11:42:29.506" endtime="20190411 11:42:29.659"></status>
</kw>
<status status="PASS" starttime="20190411 11:42:28.733" endtime="20190411 11:42:29.659"></status>
</kw>
<kw name="Log List" library="Collections">
<doc>Logs the length and contents of the ``list`` using given ``level``.</doc>
<arguments>
<arg>${Actual_Menu_Items_Num}</arg>
</arguments>
<msg timestamp="20190411 11:42:29.659" level="INFO">List length is 14 and it contains following items:
0: 32
1: 81
2: 30
3: 247
4: 30
5: 31
6: 89
7: 7
8: 2
9: 1
10: 1
11: 0
12: 2
13: 4</msg>
<status status="PASS" starttime="20190411 11:42:29.659" endtime="20190411 11:42:29.659"></status>
</kw>
<kw name="Log List" library="Collections">
<doc>Logs the length and contents of the ``list`` using given ``level``.</doc>
<arguments>
<arg>${Expected_Menu_Items_Num}</arg>
</arguments>
<msg timestamp="20190411 11:42:29.660" level="INFO">List length is 14 and it contains following items:
0: 32
1: 81
2: 30
3: 247
4: 30
5: 31
6: 89
7: 7
8: 2
9: 1
10: 1
11: 0
12: 2
13: 4</msg>
<status status="PASS" starttime="20190411 11:42:29.660" endtime="20190411 11:42:29.660"></status>
</kw>
<kw name="Lists Should Be Equal" library="Collections">
<doc>Fails if given lists are unequal.</doc>
<arguments>
<arg>${Actual_Menu_Items_Num}</arg>
<arg>${Expected_Menu_Items_Num}</arg>
</arguments>
<status status="PASS" starttime="20190411 11:42:29.660" endtime="20190411 11:42:29.660"></status>
</kw>
<status status="PASS" starttime="20190411 11:42:27.100" endtime="20190411 11:42:29.660"></status>
</kw>
<kw name="End Web Test" library="Common" type="teardown">
<kw name="Close Browser" library="SeleniumLibrary">
<doc>Closes the current browser.</doc>
<status status="PASS" starttime="20190411 11:42:29.661" endtime="20190411 11:42:29.818"></status>
</kw>
<status status="PASS" starttime="20190411 11:42:29.660" endtime="20190411 11:42:29.818"></status>
</kw>
<status status="PASS" starttime="20190411 11:42:19.288" endtime="20190411 11:42:29.818" critical="yes"></status>
</test>
<test id="s1-t5" name="League Category Landing Page Test">
<kw name="Begin Web Test" library="Common" type="setup">
<kw name="Open Browser" library="SeleniumLibrary">
<doc>Opens a new browser instance to the given ``url``.</doc>
<arguments>
<arg>about:blank</arg>
<arg>${BROWSER}</arg>
</arguments>
<msg timestamp="20190411 11:42:29.819" level="INFO">Opening browser 'chrome' to base url 'about:blank'.</msg>
<status status="PASS" starttime="20190411 11:42:29.819" endtime="20190411 11:42:31.722"></status>
</kw>
<status status="PASS" starttime="20190411 11:42:29.819" endtime="20190411 11:42:31.722"></status>
</kw>
<kw name="Log To Console" library="BuiltIn">
<doc>Logs the given message to the console.</doc>
<arguments>
<arg>League Category Landing</arg>
</arguments>
<status status="PASS" starttime="20190411 11:42:31.723" endtime="20190411 11:42:31.723"></status>
</kw>
<kw name="Navigate_To_Page" library="BleacherSmoke">
<tags>
<tag>Go to BleacherReport url</tag>
</tags>
<kw name="Log To Console" library="BuiltIn">
<doc>Logs the given message to the console.</doc>
<arguments>
<arg>Navigating to BleacherReport.com</arg>
</arguments>
<status status="PASS" starttime="20190411 11:42:31.724" endtime="20190411 11:42:31.724"></status>
</kw>
<kw name="Go To" library="SeleniumLibrary">
<doc>Navigates the active browser instance to the provided ``url``.</doc>
<arguments>
<arg>${br_url}</arg>
</arguments>
<msg timestamp="20190411 11:42:31.725" level="INFO">Opening url 'https://bleacherreport.com/'</msg>
<status status="PASS" starttime="20190411 11:42:31.724" endtime="20190411 11:42:36.693"></status>
</kw>
<kw name="Maximize Browser Window" library="SeleniumLibrary">
<doc>Maximizes current browser window.</doc>
<status status="PASS" starttime="20190411 11:42:36.693" endtime="20190411 11:42:37.082"></status>
</kw>
<status status="PASS" starttime="20190411 11:42:31.724" endtime="20190411 11:42:37.082"></status>
</kw>
<kw name="League_Category_Landing_Pages" library="BleacherSmoke">
<tags>
<tag>League Category Landing Pages</tag>
</tags>
<doc>Uses a loop to clicks on each of the League Categories in the menu and confirms that the category landing page is displayed. Writes each category header name to a list, and compares that list to a know good list of landing page category headers.</doc>
<kw name="Create List" library="BuiltIn">
<doc>Returns a list containing given items.</doc>
<arguments>
<arg>${nfl_header}</arg>
<arg>${cfb_header}</arg>
<arg>${nba_header}</arg>
<arg>${world_fb_header}</arg>
<arg>${mlb_header}</arg>
<arg>${nhl_header}</arg>
<arg>${cbb_header}</arg>
<arg>${mma_header}</arg>
<arg>${wwe_header}</arg>
<arg>${golf_header}</arg>
<arg>${tennis_header}</arg>
<arg>${boxing_header}</arg>
</arguments>
<assign>
<var>@{ITEMS}</var>
</assign>
<msg timestamp="20190411 11:42:37.084" level="INFO">@{ITEMS} = [ //a[contains(text(),'NFL')] | //a[contains(text(),'CFB')] | //a[contains(text(),'NBA')] | //a[contains(text(),'World Football')] | //a[contains(text(),'MLB')] | //a[contains(text(),'NHL')] | //a[con...</msg>
<status status="PASS" starttime="20190411 11:42:37.083" endtime="20190411 11:42:37.084"></status>
</kw>
<kw name="Create List" library="BuiltIn">
<doc>Returns a list containing given items.</doc>
<arguments>
<arg>NFL</arg>
<arg>COLLEGE FOOTBALL</arg>
<arg>NBA</arg>
<arg>WORLD FOOTBALL</arg>
<arg>MLB</arg>
<arg>NHL</arg>
<arg>COLLEGE BASKETBALL</arg>
<arg>MMA</arg>
<arg>WWE</arg>
<arg>GOLF</arg>
<arg>TENNIS</arg>
<arg>BOXING</arg>
</arguments>
<assign>
<var>${Expected_Headers}</var>
</assign>
<msg timestamp="20190411 11:42:37.084" level="INFO">${Expected_Headers} = ['NFL', 'COLLEGE FOOTBALL', 'NBA', 'WORLD FOOTBALL', 'MLB', 'NHL', 'COLLEGE BASKETBALL', 'MMA', 'WWE', 'GOLF', 'TENNIS', 'BOXING']</msg>
<status status="PASS" starttime="20190411 11:42:37.084" endtime="20190411 11:42:37.084"></status>
</kw>
<kw name="Create List" library="BuiltIn">
<doc>Returns a list containing given items.</doc>
<assign>
<var>${Actual_Headers}</var>
</assign>
<msg timestamp="20190411 11:42:37.084" level="INFO">${Actual_Headers} = []</msg>
<status status="PASS" starttime="20190411 11:42:37.084" endtime="20190411 11:42:37.085"></status>
</kw>
<kw name="${ELEMENT} IN [ @{ITEMS} ]" type="for">
<kw name="${ELEMENT} = //a[contains(text(),'NFL')]" type="foritem">
<kw name="Set Window Size" library="SeleniumLibrary">
<doc>Sets current windows size to given ``width`` and ``height``.</doc>
<arguments>
<arg>2000</arg>
<arg>800</arg>
</arguments>
<status status="PASS" starttime="20190411 11:42:37.085" endtime="20190411 11:42:37.199"></status>
</kw>
<kw name="Log" library="BuiltIn">
<doc>Logs the given message with the given level.</doc>
<arguments>
<arg>${ELEMENT}</arg>
</arguments>
<msg timestamp="20190411 11:42:37.199" level="INFO">//a[contains(text(),'NFL')]</msg>
<status status="PASS" starttime="20190411 11:42:37.199" endtime="20190411 11:42:37.200"></status>
</kw>
<kw name="Click Element" library="SeleniumLibrary">
<doc>Click element identified by ``locator``.</doc>
<arguments>
<arg>${ELEMENT}</arg>
</arguments>
<msg timestamp="20190411 11:42:37.200" level="INFO">Clicking element '//a[contains(text(),'NFL')]'.</msg>
<status status="PASS" starttime="20190411 11:42:37.200" endtime="20190411 11:42:40.120"></status>
</kw>
<kw name="Wait Until Element Is Visible" library="SeleniumLibrary">
<doc>Waits until element ``locator`` is visible.</doc>
<arguments>
<arg>${category_css_header}</arg>
</arguments>
<status status="PASS" starttime="20190411 11:42:40.120" endtime="20190411 11:42:40.141"></status>
</kw>
<kw name="Get Text" library="SeleniumLibrary">
<doc>Returns the text value of element identified by ``locator``.</doc>
<arguments>
<arg>${category_css_header}</arg>
</arguments>
<assign>
<var>${header_text}</var>
</assign>
<msg timestamp="20190411 11:42:40.166" level="INFO">${header_text} = NFL</msg>
<status status="PASS" starttime="20190411 11:42:40.142" endtime="20190411 11:42:40.167"></status>
</kw>
<kw name="Log To Console" library="BuiltIn">
<doc>Logs the given message to the console.</doc>
<arguments>
<arg>${header_text}</arg>
</arguments>
<status status="PASS" starttime="20190411 11:42:40.167" endtime="20190411 11:42:40.167"></status>
</kw>
<kw name="Append To List" library="Collections">
<doc>Adds ``values`` to the end of ``list``.</doc>
<arguments>
<arg>${Actual_Headers}</arg>
<arg>${header_text}</arg>
</arguments>
<status status="PASS" starttime="20190411 11:42:40.167" endtime="20190411 11:42:40.168"></status>
</kw>
<status status="PASS" starttime="20190411 11:42:37.085" endtime="20190411 11:42:40.168"></status>
</kw>
<kw name="${ELEMENT} = //a[contains(text(),'CFB')]" type="foritem">
<kw name="Set Window Size" library="SeleniumLibrary">
<doc>Sets current windows size to given ``width`` and ``height``.</doc>
<arguments>
<arg>2000</arg>
<arg>800</arg>
</arguments>
<status status="PASS" starttime="20190411 11:42:40.168" endtime="20190411 11:42:40.271"></status>
</kw>
<kw name="Log" library="BuiltIn">
<doc>Logs the given message with the given level.</doc>
<arguments>
<arg>${ELEMENT}</arg>
</arguments>
<msg timestamp="20190411 11:42:40.271" level="INFO">//a[contains(text(),'CFB')]</msg>
<status status="PASS" starttime="20190411 11:42:40.271" endtime="20190411 11:42:40.271"></status>
</kw>
<kw name="Click Element" library="SeleniumLibrary">
<doc>Click element identified by ``locator``.</doc>
<arguments>
<arg>${ELEMENT}</arg>
</arguments>
<msg timestamp="20190411 11:42:40.272" level="INFO">Clicking element '//a[contains(text(),'CFB')]'.</msg>
<status status="PASS" starttime="20190411 11:42:40.271" endtime="20190411 11:42:42.637"></status>
</kw>
<kw name="Wait Until Element Is Visible" library="SeleniumLibrary">
<doc>Waits until element ``locator`` is visible.</doc>
<arguments>
<arg>${category_css_header}</arg>
</arguments>
<status status="PASS" starttime="20190411 11:42:42.638" endtime="20190411 11:42:42.656"></status>
</kw>
<kw name="Get Text" library="SeleniumLibrary">
<doc>Returns the text value of element identified by ``locator``.</doc>
<arguments>
<arg>${category_css_header}</arg>
</arguments>
<assign>
<var>${header_text}</var>
</assign>
<msg timestamp="20190411 11:42:42.675" level="INFO">${header_text} = COLLEGE FOOTBALL</msg>
<status status="PASS" starttime="20190411 11:42:42.656" endtime="20190411 11:42:42.675"></status>
</kw>
<kw name="Log To Console" library="BuiltIn">
<doc>Logs the given message to the console.</doc>
<arguments>
<arg>${header_text}</arg>
</arguments>
<status status="PASS" starttime="20190411 11:42:42.676" endtime="20190411 11:42:42.676"></status>
</kw>
<kw name="Append To List" library="Collections">
<doc>Adds ``values`` to the end of ``list``.</doc>
<arguments>
<arg>${Actual_Headers}</arg>
<arg>${header_text}</arg>
</arguments>
<status status="PASS" starttime="20190411 11:42:42.676" endtime="20190411 11:42:42.676"></status>
</kw>
<status status="PASS" starttime="20190411 11:42:40.168" endtime="20190411 11:42:42.677"></status>
</kw>
<kw name="${ELEMENT} = //a[contains(text(),'NBA')]" type="foritem">
<kw name="Set Window Size" library="SeleniumLibrary">
<doc>Sets current windows size to given ``width`` and ``height``.</doc>
<arguments>
<arg>2000</arg>
<arg>800</arg>
</arguments>
<status status="PASS" starttime="20190411 11:42:42.677" endtime="20190411 11:42:42.780"></status>
</kw>
<kw name="Log" library="BuiltIn">
<doc>Logs the given message with the given level.</doc>
<arguments>
<arg>${ELEMENT}</arg>
</arguments>
<msg timestamp="20190411 11:42:42.781" level="INFO">//a[contains(text(),'NBA')]</msg>
<status status="PASS" starttime="20190411 11:42:42.780" endtime="20190411 11:42:42.781"></status>
</kw>
<kw name="Click Element" library="SeleniumLibrary">
<doc>Click element identified by ``locator``.</doc>
<arguments>
<arg>${ELEMENT}</arg>
</arguments>
<msg timestamp="20190411 11:42:42.781" level="INFO">Clicking element '//a[contains(text(),'NBA')]'.</msg>
<status status="PASS" starttime="20190411 11:42:42.781" endtime="20190411 11:42:45.898"></status>
</kw>
<kw name="Wait Until Element Is Visible" library="SeleniumLibrary">
<doc>Waits until element ``locator`` is visible.</doc>
<arguments>
<arg>${category_css_header}</arg>
</arguments>
<status status="PASS" starttime="20190411 11:42:45.898" endtime="20190411 11:42:45.915"></status>
</kw>
<kw name="Get Text" library="SeleniumLibrary">
<doc>Returns the text value of element identified by ``locator``.</doc>
<arguments>
<arg>${category_css_header}</arg>
</arguments>
<assign>
<var>${header_text}</var>
</assign>
<msg timestamp="20190411 11:42:45.936" level="INFO">${header_text} = NBA</msg>
<status status="PASS" starttime="20190411 11:42:45.915" endtime="20190411 11:42:45.936"></status>
</kw>
<kw name="Log To Console" library="BuiltIn">
<doc>Logs the given message to the console.</doc>
<arguments>
<arg>${header_text}</arg>
</arguments>
<status status="PASS" starttime="20190411 11:42:45.936" endtime="20190411 11:42:45.936"></status>
</kw>
<kw name="Append To List" library="Collections">
<doc>Adds ``values`` to the end of ``list``.</doc>
<arguments>
<arg>${Actual_Headers}</arg>
<arg>${header_text}</arg>
</arguments>
<status status="PASS" starttime="20190411 11:42:45.936" endtime="20190411 11:42:45.937"></status>
</kw>
<status status="PASS" starttime="20190411 11:42:42.677" endtime="20190411 11:42:45.937"></status>
</kw>
<kw name="${ELEMENT} = //a[contains(text(),'World Football')]" type="foritem">
<kw name="Set Window Size" library="SeleniumLibrary">
<doc>Sets current windows size to given ``width`` and ``height``.</doc>
<arguments>
<arg>2000</arg>
<arg>800</arg>
</arguments>
<status status="PASS" starttime="20190411 11:42:45.937" endtime="20190411 11:42:46.040"></status>
</kw>
<kw name="Log" library="BuiltIn">
<doc>Logs the given message with the given level.</doc>
<arguments>
<arg>${ELEMENT}</arg>
</arguments>
<msg timestamp="20190411 11:42:46.041" level="INFO">//a[contains(text(),'World Football')]</msg>
<status status="PASS" starttime="20190411 11:42:46.041" endtime="20190411 11:42:46.041"></status>
</kw>
<kw name="Click Element" library="SeleniumLibrary">
<doc>Click element identified by ``locator``.</doc>
<arguments>
<arg>${ELEMENT}</arg>
</arguments>
<msg timestamp="20190411 11:42:46.041" level="INFO">Clicking element '//a[contains(text(),'World Football')]'.</msg>
<status status="PASS" starttime="20190411 11:42:46.041" endtime="20190411 11:42:49.476"></status>
</kw>
<kw name="Wait Until Element Is Visible" library="SeleniumLibrary">
<doc>Waits until element ``locator`` is visible.</doc>
<arguments>
<arg>${category_css_header}</arg>
</arguments>
<status status="PASS" starttime="20190411 11:42:49.477" endtime="20190411 11:42:49.495"></status>
</kw>
<kw name="Get Text" library="SeleniumLibrary">
<doc>Returns the text value of element identified by ``locator``.</doc>
<arguments>
<arg>${category_css_header}</arg>
</arguments>
<assign>
[...]
</kw>
<kw name="Get Text" library="SeleniumLibrary">
<doc>Returns the text value of element identified by ``locator``.</doc>
<arguments>
<arg>${category_css_header}</arg>
</arguments>
<assign>
<var>${header_text}</var>
</assign>
<msg timestamp="20190411 11:43:05.914" level="INFO">${header_text} = GOLF</msg>
<status status="PASS" starttime="20190411 11:43:05.894" endtime="20190411 11:43:05.914"></status>
</kw>
<kw name="Log To Console" library="BuiltIn">
<doc>Logs the given message to the console.</doc>
<arguments>
<arg>${header_text}</arg>
</arguments>
<status status="PASS" starttime="20190411 11:43:05.914" endtime="20190411 11:43:05.915"></status>
</kw>
<kw name="Append To List" library="Collections">
<doc>Adds ``values`` to the end of ``list``.</doc>
<arguments>
<arg>${Actual_Headers}</arg>
<arg>${header_text}</arg>
</arguments>
<status status="PASS" starttime="20190411 11:43:05.915" endtime="20190411 11:43:05.915"></status>
</kw>
<status status="PASS" starttime="20190411 11:43:03.396" endtime="20190411 11:43:05.915"></status>
</kw>
<kw name="${ELEMENT} = //a[contains(text(),'Tennis')]" type="foritem">
<kw name="Set Window Size" library="SeleniumLibrary">
<doc>Sets current windows size to given ``width`` and ``height``.</doc>
<arguments>
<arg>2000</arg>
<arg>800</arg>
</arguments>
<status status="PASS" starttime="20190411 11:43:05.915" endtime="20190411 11:43:06.018"></status>
</kw>
<kw name="Log" library="BuiltIn">
<doc>Logs the given message with the given level.</doc>
<arguments>
<arg>${ELEMENT}</arg>
</arguments>
<msg timestamp="20190411 11:43:06.019" level="INFO">//a[contains(text(),'Tennis')]</msg>
<status status="PASS" starttime="20190411 11:43:06.019" endtime="20190411 11:43:06.019"></status>
</kw>
<kw name="Click Element" library="SeleniumLibrary">
<doc>Click element identified by ``locator``.</doc>
<arguments>
<arg>${ELEMENT}</arg>
</arguments>
<msg timestamp="20190411 11:43:06.020" level="INFO">Clicking element '//a[contains(text(),'Tennis')]'.</msg>
<status status="PASS" starttime="20190411 11:43:06.020" endtime="20190411 11:43:08.393"></status>
</kw>
<kw name="Wait Until Element Is Visible" library="SeleniumLibrary">
<doc>Waits until element ``locator`` is visible.</doc>
<arguments>
<arg>${category_css_header}</arg>
</arguments>
<status status="PASS" starttime="20190411 11:43:08.393" endtime="20190411 11:43:08.410"></status>
</kw>
<kw name="Get Text" library="SeleniumLibrary">
<doc>Returns the text value of element identified by ``locator``.</doc>
<arguments>
<arg>${category_css_header}</arg>
</arguments>
<assign>
<var>${header_text}</var>
</assign>
<msg timestamp="20190411 11:43:08.428" level="INFO">${header_text} = TENNIS</msg>
<status status="PASS" starttime="20190411 11:43:08.410" endtime="20190411 11:43:08.428"></status>
</kw>
<kw name="Log To Console" library="BuiltIn">
<doc>Logs the given message to the console.</doc>
<arguments>
<arg>${header_text}</arg>
</arguments>
<status status="PASS" starttime="20190411 11:43:08.429" endtime="20190411 11:43:08.429"></status>
</kw>
<kw name="Append To List" library="Collections">
<doc>Adds ``values`` to the end of ``list``.</doc>
<arguments>
<arg>${Actual_Headers}</arg>
<arg>${header_text}</arg>
</arguments>
<status status="PASS" starttime="20190411 11:43:08.429" endtime="20190411 11:43:08.429"></status>
</kw>
<status status="PASS" starttime="20190411 11:43:05.915" endtime="20190411 11:43:08.429"></status>
</kw>
<kw name="${ELEMENT} = //a[contains(text(),'Boxing')]" type="foritem">
<kw name="Set Window Size" library="SeleniumLibrary">
<doc>Sets current windows size to given ``width`` and ``height``.</doc>
<arguments>
<arg>2000</arg>
<arg>800</arg>
</arguments>
<status status="PASS" starttime="20190411 11:43:08.430" endtime="20190411 11:43:08.533"></status>
</kw>
<kw name="Log" library="BuiltIn">
<doc>Logs the given message with the given level.</doc>
<arguments>
<arg>${ELEMENT}</arg>
</arguments>
<msg timestamp="20190411 11:43:08.534" level="INFO">//a[contains(text(),'Boxing')]</msg>
<status status="PASS" starttime="20190411 11:43:08.533" endtime="20190411 11:43:08.534"></status>
</kw>
<kw name="Click Element" library="SeleniumLibrary">
<doc>Click element identified by ``locator``.</doc>
<arguments>
<arg>${ELEMENT}</arg>
</arguments>
<msg timestamp="20190411 11:43:08.534" level="INFO">Clicking element '//a[contains(text(),'Boxing')]'.</msg>
<status status="PASS" starttime="20190411 11:43:08.534" endtime="20190411 11:43:11.002"></status>
</kw>
<kw name="Wait Until Element Is Visible" library="SeleniumLibrary">
<doc>Waits until element ``locator`` is visible.</doc>
<arguments>
<arg>${category_css_header}</arg>
</arguments>
<status status="PASS" starttime="20190411 11:43:11.002" endtime="20190411 11:43:11.021"></status>
</kw>
<kw name="Get Text" library="SeleniumLibrary">
<doc>Returns the text value of element identified by ``locator``.</doc>
<arguments>
<arg>${category_css_header}</arg>
</arguments>
<assign>
<var>${header_text}</var>
</assign>
<msg timestamp="20190411 11:43:11.040" level="INFO">${header_text} = BOXING</msg>
<status status="PASS" starttime="20190411 11:43:11.021" endtime="20190411 11:43:11.040"></status>
</kw>
<kw name="Log To Console" library="BuiltIn">
<doc>Logs the given message to the console.</doc>
<arguments>
<arg>${header_text}</arg>
</arguments>
<status status="PASS" starttime="20190411 11:43:11.040" endtime="20190411 11:43:11.040"></status>
</kw>
<kw name="Append To List" library="Collections">
<doc>Adds ``values`` to the end of ``list``.</doc>
<arguments>
<arg>${Actual_Headers}</arg>
<arg>${header_text}</arg>
</arguments>
<status status="PASS" starttime="20190411 11:43:11.041" endtime="20190411 11:43:11.041"></status>
</kw>
<status status="PASS" starttime="20190411 11:43:08.429" endtime="20190411 11:43:11.041"></status>
</kw>
<status status="PASS" starttime="20190411 11:42:37.085" endtime="20190411 11:43:11.041"></status>
</kw>
<kw name="Log List" library="Collections">
<doc>Logs the length and contents of the ``list`` using given ``level``.</doc>
<arguments>
<arg>${Actual_Headers}</arg>
</arguments>
<msg timestamp="20190411 11:43:11.041" level="INFO">List length is 12 and it contains following items:
0: NFL
1: COLLEGE FOOTBALL
2: NBA
3: WORLD FOOTBALL
4: MLB
5: NHL
6: COLLEGE BASKETBALL
7: MMA
8: WWE
9: GOLF
10: TENNIS
11: BOXING</msg>
<status status="PASS" starttime="20190411 11:43:11.041" endtime="20190411 11:43:11.041"></status>
</kw>
<kw name="Lists Should Be Equal" library="Collections">
<doc>Fails if given lists are unequal.</doc>
<arguments>
<arg>${Expected_Headers}</arg>
<arg>${Actual_Headers}</arg>
</arguments>
<status status="PASS" starttime="20190411 11:43:11.041" endtime="20190411 11:43:11.041"></status>
</kw>
<status status="PASS" starttime="20190411 11:42:37.083" endtime="20190411 11:43:11.042"></status>
</kw>
<kw name="End Web Test" library="Common" type="teardown">
<kw name="Close Browser" library="SeleniumLibrary">
<doc>Closes the current browser.</doc>
<status status="PASS" starttime="20190411 11:43:11.042" endtime="20190411 11:43:11.444"></status>
</kw>
<status status="PASS" starttime="20190411 11:43:11.042" endtime="20190411 11:43:11.444"></status>
</kw>
<status status="PASS" starttime="20190411 11:42:29.818" endtime="20190411 11:43:11.444" critical="yes"></status>
</test>
<test id="s1-t6" name="Non League Category Landing Page Test">
<kw name="Begin Web Test" library="Common" type="setup">
<kw name="Open Browser" library="SeleniumLibrary">
<doc>Opens a new browser instance to the given ``url``.</doc>
<arguments>
<arg>about:blank</arg>
<arg>${BROWSER}</arg>
</arguments>
<msg timestamp="20190411 11:43:11.446" level="INFO">Opening browser 'chrome' to base url 'about:blank'.</msg>
<status status="PASS" starttime="20190411 11:43:11.446" endtime="20190411 11:43:13.373"></status>
</kw>
<status status="PASS" starttime="20190411 11:43:11.445" endtime="20190411 11:43:13.373"></status>
</kw>
<kw name="Log To Console" library="BuiltIn">
<doc>Logs the given message to the console.</doc>
<arguments>
<arg>Non League Category Landing</arg>
</arguments>
<status status="PASS" starttime="20190411 11:43:13.374" endtime="20190411 11:43:13.374"></status>
</kw>
<kw name="Navigate_To_Page" library="BleacherSmoke">
<tags>
<tag>Go to BleacherReport url</tag>
</tags>
<kw name="Log To Console" library="BuiltIn">
<doc>Logs the given message to the console.</doc>
<arguments>
<arg>Navigating to BleacherReport.com</arg>
</arguments>
<status status="PASS" starttime="20190411 11:43:13.376" endtime="20190411 11:43:13.376"></status>
</kw>
<kw name="Go To" library="SeleniumLibrary">
<doc>Navigates the active browser instance to the provided ``url``.</doc>
<arguments>
<arg>${br_url}</arg>
</arguments>
<msg timestamp="20190411 11:43:13.376" level="INFO">Opening url 'https://bleacherreport.com/'</msg>
<status status="PASS" starttime="20190411 11:43:13.376" endtime="20190411 11:43:19.000"></status>
</kw>
<kw name="Maximize Browser Window" library="SeleniumLibrary">
<doc>Maximizes current browser window.</doc>
<status status="PASS" starttime="20190411 11:43:19.000" endtime="20190411 11:43:19.358"></status>
</kw>
<status status="PASS" starttime="20190411 11:43:13.374" endtime="20190411 11:43:19.358"></status>
</kw>
<kw name="Non_League_Category_Landing_Pages" library="BleacherSmoke">
<tags>
<tag>Non League Category Landing Pages</tag>
</tags>
<doc>Clicks on each of the Non League Categories in the menu and confirms that the landing page is displayed.</doc>
<kw name="Set Window Size" library="SeleniumLibrary">
<doc>Sets current windows size to given ``width`` and ``height``.</doc>
<arguments>
<arg>2000</arg>
<arg>800</arg>
</arguments>
<status status="PASS" starttime="20190411 11:43:19.359" endtime="20190411 11:43:19.474"></status>
</kw>
<kw name="Run Keyword And Return Status" library="BuiltIn">
<doc>Runs the given keyword with given arguments and returns the status as a Boolean value.</doc>
<arguments>
<arg>Wait Until Element is Visible</arg>
<arg>${brlive_header}</arg>
<arg>${default_timeout}</arg>
</arguments>
<assign>
<var>${Browser_Back}</var>
</assign>
<kw name="Wait Until Element Is Visible" library="SeleniumLibrary">
<doc>Waits until element ``locator`` is visible.</doc>
<arguments>
<arg>${brlive_header}</arg>
<arg>${default_timeout}</arg>
</arguments>
<status status="PASS" starttime="20190411 11:43:19.475" endtime="20190411 11:43:19.564"></status>
</kw>
<msg timestamp="20190411 11:43:19.564" level="INFO">${Browser_Back} = True</msg>
<status status="PASS" starttime="20190411 11:43:19.474" endtime="20190411 11:43:19.564"></status>
</kw>
<kw name="Click Element" library="SeleniumLibrary">
<doc>Click element identified by ``locator``.</doc>
<arguments>
<arg>${brlive_header}</arg>
</arguments>
<msg timestamp="20190411 11:43:19.565" level="INFO">Clicking element '//a[contains(.,'B/R Live')]'.</msg>
<status status="PASS" starttime="20190411 11:43:19.564" endtime="20190411 11:43:21.707"></status>
</kw>
<kw name="Wait Until Element Is Visible" library="SeleniumLibrary">
<doc>Waits until element ``locator`` is visible.</doc>
<arguments>
<arg>${br_live_page_confirm}</arg>
<arg>10</arg>
</arguments>
<status status="PASS" starttime="20190411 11:43:21.707" endtime="20190411 11:43:21.838"></status>
</kw>
<kw name="Run Keyword If" library="BuiltIn">
<doc>Runs the given keyword with the given arguments, if ``condition`` is true.</doc>
<arguments>
<arg>${Browser_Back}</arg>
<arg>Go Back</arg>
</arguments>
<kw name="Go Back" library="SeleniumLibrary">
<doc>Simulates the user clicking the back button on their browser.</doc>
<status status="PASS" starttime="20190411 11:43:21.839" endtime="20190411 11:43:24.945"></status>
</kw>
<status status="PASS" starttime="20190411 11:43:21.838" endtime="20190411 11:43:24.945"></status>
</kw>
<kw name="Wait Until Element Is Visible" library="SeleniumLibrary">
<doc>Waits until element ``locator`` is visible.</doc>
<arguments>
<arg>${mag_header}</arg>
<arg>8</arg>
</arguments>
<status status="PASS" starttime="20190411 11:43:24.945" endtime="20190411 11:43:24.976"></status>
</kw>
<kw name="Click Element" library="SeleniumLibrary">
<doc>Click element identified by ``locator``.</doc>
<arguments>
<arg>${mag_header}</arg>
</arguments>
<msg timestamp="20190411 11:43:24.976" level="INFO">Clicking element '//a[contains(.,'Mag')]'.</msg>
<status status="PASS" starttime="20190411 11:43:24.976" endtime="20190411 11:43:29.580"></status>
</kw>
<kw name="Wait Until Element Is Visible" library="SeleniumLibrary">
<doc>Waits until element ``locator`` is visible.</doc>
<arguments>
<arg>${mag_page_confirm}</arg>
<arg>${default_timeout}</arg>
</arguments>
<status status="PASS" starttime="20190411 11:43:29.580" endtime="20190411 11:43:29.643"></status>
</kw>
<kw name="Run Keyword If" library="BuiltIn">
<doc>Runs the given keyword with the given arguments, if ``condition`` is true.</doc>
<arguments>
<arg>${Browser_Back}</arg>
<arg>Go Back</arg>
</arguments>
<kw name="Go Back" library="SeleniumLibrary">
<doc>Simulates the user clicking the back button on their browser.</doc>
<status status="PASS" starttime="20190411 11:43:29.644" endtime="20190411 11:43:32.797"></status>
</kw>
<status status="PASS" starttime="20190411 11:43:29.644" endtime="20190411 11:43:32.797"></status>
</kw>
<kw name="Wait Until Element Is Visible" library="SeleniumLibrary">
<doc>Waits until element ``locator`` is visible.</doc>
<arguments>
<arg>${get_app_header}</arg>
<arg>${default_timeout}</arg>
</arguments>
<status status="PASS" starttime="20190411 11:43:32.797" endtime="20190411 11:43:32.819"></status>
</kw>
<kw name="Click Element" library="SeleniumLibrary">
<doc>Click element identified by ``locator``.</doc>
<arguments>
<arg>${get_app_header}</arg>
</arguments>
<msg timestamp="20190411 11:43:32.820" level="INFO">Clicking element '//a[contains(.,'Get the App')]'.</msg>
<status status="PASS" starttime="20190411 11:43:32.819" endtime="20190411 11:43:33.662"></status>
</kw>
<kw name="Wait Until Element Is Visible" library="SeleniumLibrary">
<doc>Waits until element ``locator`` is visible.</doc>
<arguments>
<arg>${get_app_page_confirm}</arg>
<arg>${default_timeout}</arg>
</arguments>
<status status="PASS" starttime="20190411 11:43:33.662" endtime="20190411 11:43:33.685"></status>
</kw>
<kw name="Click Element" library="SeleniumLibrary">
<doc>Click element identified by ``locator``.</doc>
<arguments>
<arg>${tickets_header}</arg>
</arguments>
<msg timestamp="20190411 11:43:33.685" level="INFO">Clicking element '//a[contains(.,'Tickets')]'.</msg>
<status status="PASS" starttime="20190411 11:43:33.685" endtime="20190411 11:43:35.805"></status>
</kw>
<kw name="Wait Until Element Is Visible" library="SeleniumLibrary">
<doc>Waits until element ``locator`` is visible.</doc>
<arguments>
<arg>${tickets_page_confirm}</arg>
<arg>${default_timeout}</arg>
</arguments>
<status status="PASS" starttime="20190411 11:43:35.806" endtime="20190411 11:43:36.129"></status>
</kw>
<status status="PASS" starttime="20190411 11:43:19.359" endtime="20190411 11:43:36.129"></status>
</kw>
<kw name="End Web Test" library="Common" type="teardown">
<kw name="Close Browser" library="SeleniumLibrary">
<doc>Closes the current browser.</doc>
<status status="PASS" starttime="20190411 11:43:36.130" endtime="20190411 11:43:36.364"></status>
</kw>
<status status="PASS" starttime="20190411 11:43:36.129" endtime="20190411 11:43:36.364"></status>
</kw>
<status status="PASS" starttime="20190411 11:43:11.445" endtime="20190411 11:43:36.364" critical="yes"></status>
</test>
<test id="s1-t7" name="API Tests">
<kw name="Begin Web Test" library="Common" type="setup">
<kw name="Open Browser" library="SeleniumLibrary">
<doc>Opens a new browser instance to the given ``url``.</doc>
<arguments>
<arg>about:blank</arg>
<arg>${BROWSER}</arg>
</arguments>
<msg timestamp="20190411 11:43:36.366" level="INFO">Opening browser 'chrome' to base url 'about:blank'.</msg>
<status status="PASS" starttime="20190411 11:43:36.366" endtime="20190411 11:43:38.279"></status>
</kw>
<status status="PASS" starttime="20190411 11:43:36.366" endtime="20190411 11:43:38.279"></status>
</kw>
<kw name="API_Tests" library="BleacherSmoke">
<kw name="Get Current Date" library="DateTime">
<doc>Returns current local or UTC time with an optional increment.</doc>
<assign>
<var>${date}</var>
</assign>
<msg timestamp="20190411 11:43:38.281" level="INFO">${date} = 2019-04-11 11:43:38.280</msg>
<status status="PASS" starttime="20190411 11:43:38.280" endtime="20190411 11:43:38.281"></status>
</kw>
<kw name="Create Session" library="RequestsLibrary">
<doc>Create Session: create a HTTP session to a server</doc>
<arguments>
<arg>BRScores</arg>
<arg>${ScoresAPIUrl}</arg>
</arguments>
<msg timestamp="20190411 11:43:38.281" level="INFO">Creating Session using : alias=BRScores, url=http://scores2.bleacherreport.com, headers={},                     cookies=None, auth=None, timeout=None, proxies=None, verify=False,                     debug=0 </msg>
<status status="PASS" starttime="20190411 11:43:38.281" endtime="20190411 11:43:38.282"></status>
</kw>
<kw name="Get Request" library="RequestsLibrary">
<doc>Send a GET request on the session object found using the</doc>
<arguments>
<arg>BRScores</arg>
<arg>/api/v1/scores/league/NBA/Basketball?date=${date}</arg>
</arguments>
<assign>
<var>${response}</var>
</assign>
<msg timestamp="20190411 11:43:38.393" level="INFO">Get Request using : alias=BRScores, uri=/api/v1/scores/league/NBA/Basketball?date=2019-04-11 11:43:38.280, headers=None json=None</msg>
<msg timestamp="20190411 11:43:38.393" level="INFO">${response} = &lt;Response [200]&gt;</msg>
<status status="PASS" starttime="20190411 11:43:38.282" endtime="20190411 11:43:38.393"></status>
</kw>
<kw name="Convert To String" library="BuiltIn">
<doc>Converts the given item to a Unicode string.</doc>
<arguments>
<arg>${response.status_code}</arg>
</arguments>
<assign>
<var>${actual_code}</var>
</assign>
<msg timestamp="20190411 11:43:38.394" level="INFO">${actual_code} = 200</msg>
<status status="PASS" starttime="20190411 11:43:38.394" endtime="20190411 11:43:38.394"></status>
</kw>
<kw name="Should Be Equal" library="BuiltIn">
<doc>Fails if the given objects are unequal.</doc>
<arguments>
<arg>${actual_code}</arg>
<arg>200</arg>
</arguments>
<status status="PASS" starttime="20190411 11:43:38.395" endtime="20190411 11:43:38.395"></status>
</kw>
<status status="PASS" starttime="20190411 11:43:38.280" endtime="20190411 11:43:38.395"></status>
</kw>
<kw name="End Web Test" library="Common" type="teardown">
<kw name="Close Browser" library="SeleniumLibrary">
<doc>Closes the current browser.</doc>
<status status="PASS" starttime="20190411 11:43:38.396" endtime="20190411 11:43:38.459"></status>
</kw>
<status status="PASS" starttime="20190411 11:43:38.395" endtime="20190411 11:43:38.459"></status>
</kw>
<status status="PASS" starttime="20190411 11:43:36.365" endtime="20190411 11:43:38.459" critical="yes"></status>
</test>
<doc>Bleacher Report Smoke Test</doc>
<status status="PASS" starttime="20190411 11:41:38.747" endtime="20190411 11:43:38.460"></status>
</suite>
<statistics>
<total>
<stat pass="7" fail="0">Critical Tests</stat>
<stat pass="7" fail="0">All Tests</stat>
</total>
<tag>
</tag>
<suite>
<stat pass="7" fail="0" id="s1" name="Launch">Launch</stat>
</suite>
</statistics>
<errors>
<msg timestamp="20190411 11:41:39.086" level="ERROR">Error in file '/Users/ronharley/AutomatedTests/BleacherReport/Central/BleacherSmoke.robot': Importing test library 'JSONLibrary' failed: ModuleNotFoundError: No module named 'JSONLibrary'
Traceback (most recent call last):
  None
PYTHONPATH:
  /Users/ronharley/anaconda3/bin
  /Users/ronharley/anaconda3/lib/python36.zip
  /Users/ronharley/anaconda3/lib/python3.6
  /Users/ronharley/anaconda3/lib/python3.6/lib-dynload
  /Users/ronharley/anaconda3/lib/python3.6/site-packages
  /Users/ronharley/anaconda3/lib/python3.6/site-packages/aeosa</msg>
</errors>
</robot>
